#
# A fatal error has been detected by the Java Runtime Environment:
#
#  SIGSEGV (0xb) at pc=0x00007ff801e94dca, pid=73887, tid=89687
#
# JRE version: OpenJDK Runtime Environment Temurin-17.0.9+9 (17.0.9+9) (build 17.0.9+9)
# Java VM: OpenJDK 64-Bit Server VM Temurin-17.0.9+9 (17.0.9+9, mixed mode, tiered, compressed oops, compressed class ptrs, g1 gc, bsd-amd64)
# Problematic frame:
# C  [libobjc.A.dylib+0x8dca]  objc_release+0x2a
#
# No core dump will be written. Core dumps have been disabled. To enable core dumping, try "ulimit -c unlimited" before starting Java again
#
# If you would like to submit a bug report, please visit:
#   https://github.com/adoptium/adoptium-support/issues
# The crash happened outside the Java Virtual Machine in native code.
# See problematic frame for where to report the bug.
#

---------------  S U M M A R Y ------------

Command Line: -Dfile.encoding=UTF-8 --module-path=/Users/barry/jhusquirrel/build/classes mygame.Main

Host: "MacBookPro17,1" x86_64 (EMULATED) 2400 MHz, 8 cores, 16G, Darwin 22.6.0, macOS 13.6.7 (22G720)
Time: Sun Dec  1 16:20:31 2024 EST elapsed time: 10.191866 seconds (0d 0h 0m 10s)

---------------  T H R E A D  ---------------

Current thread (0x00007fe29ab0c000):  JavaThread "jME3 Main" [_thread_in_native, id=89687, stack(0x000000030c57e000,0x000000030c67e000)]

Stack: [0x000000030c57e000,0x000000030c67e000],  sp=0x000000030c67d4c8,  free space=1021k
Native frames: (J=compiled Java code, j=interpreted, Vv=VM code, C=native code)
C  [libobjc.A.dylib+0x8dca]  objc_release+0x2a
C  [libobjc.A.dylib+0x9a89]  objc_autoreleasePoolPop+0xe3
C  [CoreFoundation+0x3f9f6]  _CFAutoreleasePoolPop+0x16
C  [Foundation+0x1ef6d]  -[NSAutoreleasePool release]+0x85
C  [liblwjgl.dylib+0x16cce]  Java_org_lwjgl_opengl_MacOSXContextImplementation_setView+0x10e
j  org.lwjgl.opengl.MacOSXContextImplementation.setView(Ljava/nio/ByteBuffer;Ljava/nio/ByteBuffer;)V+0
j  org.lwjgl.opengl.MacOSXContextImplementation.makeCurrent(Lorg/lwjgl/opengl/PeerInfo;Ljava/nio/ByteBuffer;)V+7
j  org.lwjgl.opengl.ContextGL.makeCurrent()V+46
j  org.lwjgl.opengl.DrawableGL.makeCurrent()V+14
j  org.lwjgl.opengl.Display.makeCurrent()V+3
j  org.lwjgl.opengl.Display.makeCurrentAndSetSwapInterval()V+0
j  org.lwjgl.opengl.Display.create(Lorg/lwjgl/opengl/PixelFormat;Lorg/lwjgl/opengl/Drawable;Lorg/lwjgl/opengl/ContextAttribs;)V+108
j  org.lwjgl.opengl.Display.create(Lorg/lwjgl/opengl/PixelFormat;Lorg/lwjgl/opengl/ContextAttribs;)V+9
j  com.jme3.system.lwjgl.LwjglDisplay.createContext(Lcom/jme3/system/AppSettings;)V+427
j  com.jme3.system.lwjgl.LwjglAbstractDisplay.initInThread()Z+25
j  com.jme3.system.lwjgl.LwjglAbstractDisplay.run()V+36
j  java.lang.Thread.run()V+11 java.base@17.0.9
v  ~StubRoutines::call_stub
V  [libjvm.dylib+0x519d91]  JavaCalls::call_helper(JavaValue*, methodHandle const&, JavaCallArguments*, JavaThread*)+0x2a1
V  [libjvm.dylib+0x518e07]  JavaCalls::call_virtual(JavaValue*, Klass*, Symbol*, Symbol*, JavaCallArguments*, JavaThread*)+0x147
V  [libjvm.dylib+0x518ed3]  JavaCalls::call_virtual(JavaValue*, Handle, Klass*, Symbol*, Symbol*, JavaThread*)+0x63
V  [libjvm.dylib+0x5c5514]  thread_entry(JavaThread*, JavaThread*)+0xb4
V  [libjvm.dylib+0xa8c980]  JavaThread::thread_main_inner()+0x150
V  [libjvm.dylib+0xa8ad1f]  Thread::call_run()+0xcf
V  [libjvm.dylib+0x8a6688]  thread_native_entry(Thread*)+0x148
C  [libsystem_pthread.dylib+0x61d3]  _pthread_start+0x7d
C  [libsystem_pthread.dylib+0x1bd3]  thread_start+0xf

Java frames: (J=compiled Java code, j=interpreted, Vv=VM code)
j  org.lwjgl.opengl.MacOSXContextImplementation.setView(Ljava/nio/ByteBuffer;Ljava/nio/ByteBuffer;)V+0
j  org.lwjgl.opengl.MacOSXContextImplementation.makeCurrent(Lorg/lwjgl/opengl/PeerInfo;Ljava/nio/ByteBuffer;)V+7
j  org.lwjgl.opengl.ContextGL.makeCurrent()V+46
j  org.lwjgl.opengl.DrawableGL.makeCurrent()V+14
j  org.lwjgl.opengl.Display.makeCurrent()V+3
j  org.lwjgl.opengl.Display.makeCurrentAndSetSwapInterval()V+0
j  org.lwjgl.opengl.Display.create(Lorg/lwjgl/opengl/PixelFormat;Lorg/lwjgl/opengl/Drawable;Lorg/lwjgl/opengl/ContextAttribs;)V+108
j  org.lwjgl.opengl.Display.create(Lorg/lwjgl/opengl/PixelFormat;Lorg/lwjgl/opengl/ContextAttribs;)V+9
j  com.jme3.system.lwjgl.LwjglDisplay.createContext(Lcom/jme3/system/AppSettings;)V+427
j  com.jme3.system.lwjgl.LwjglAbstractDisplay.initInThread()Z+25
j  com.jme3.system.lwjgl.LwjglAbstractDisplay.run()V+36
j  java.lang.Thread.run()V+11 java.base@17.0.9
v  ~StubRoutines::call_stub

siginfo: si_signo: 11 (SIGSEGV), si_code: 1 (SEGV_MAPERR), si_addr: 0x0000036fe8a3a5a0

Registers:
RAX=0x0000036fe8a3a580, RBX=0x0000000000000001, RCX=0x00007fe29c2ae0a8, RDX=0x0000036fe8a3a580
RSP=0x000000030c67d4c8, RBP=0x000000030c67d500, RSI=0x0100000000000000, RDI=0x000060000247a580
R8 =0x00007ffffffffff8, R9 =0x0000000000000000, R10=0x00007ff845915620, R11=0x00007ff8022d91f0
R12=0xa3a3a3a3a3a3a3a3, R13=0x000060000247a580, R14=0x00007fe29c2ae000, R15=0x00007fe29c2ae090
RIP=0x00007ff801e94dca, EFLAGS=0x0000000000000246, ERR=0x0000000000000004
  TRAPNO=0x000000000000000e


Register to memory mapping:

RAX=0x0000036fe8a3a580 is an unknown value
RBX=0x0000000000000001 is an unknown value
RCX=0x00007fe29c2ae0a8 points into unknown readable memory: 0xa3a3a3a3a3a3a3a3 | a3 a3 a3 a3 a3 a3 a3 a3
RDX=0x0000036fe8a3a580 is an unknown value
RSP=0x000000030c67d4c8 is pointing into the stack for thread: 0x00007fe29ab0c000
RBP=0x000000030c67d500 is pointing into the stack for thread: 0x00007fe29ab0c000
RSI=0x0100000000000000 is an unknown value
RDI=0x000060000247a580 points into unknown readable memory: 0x0000036fe8a3a580 | 80 a5 a3 e8 6f 03 00 00
R8 =0x00007ffffffffff8 is an unknown value
R9 =0x0 is NULL
R10=0x00007ff845915620: OBJC_CLASS_$___NSCFType+0 in /System/Library/Frameworks/CoreFoundation.framework/Versions/A/CoreFoundation at 0x00007ff802287000
R11=0x00007ff8022d91f0: -[__NSCFType release]+0 in /System/Library/Frameworks/CoreFoundation.framework/Versions/A/CoreFoundation at 0x00007ff802287000
R12=0xa3a3a3a3a3a3a3a3 is an unknown value
R13=0x000060000247a580 points into unknown readable memory: 0x0000036fe8a3a580 | 80 a5 a3 e8 6f 03 00 00
R14=0x00007fe29c2ae000 points into unknown readable memory: 0x4f545541a1a1a1a1 | a1 a1 a1 a1 41 55 54 4f
R15=0x00007fe29c2ae090 points into unknown readable memory: 0x0000000000000000 | 00 00 00 00 00 00 00 00


Top of Stack: (sp=0x000000030c67d4c8)
0x000000030c67d4c8:   00007ff801e985fc bd29ef78faf90078
0x000000030c67d4d8:   00007fe29c2ae000 0000600002405e60
0x000000030c67d4e8:   0000000132274798 00007fe29c2ae090
0x000000030c67d4f8:   0000600002405e60 000000030c67d520
0x000000030c67d508:   00007ff801e95a89 00007fe29c2ae090
0x000000030c67d518:   00007ff821966692 000000030c67d540
0x000000030c67d528:   00007ff8022c69f6 bd29ef78faf90078
0x000000030c67d538:   0000600000e3fa80 000000030c67d580
0x000000030c67d548:   00007ff8030adf6d 00007ff84209eb10
0x000000030c67d558:   0000000000000000 bd29ef78faf90078
0x000000030c67d568:   0000600000e3fa80 000060000245b6c0
0x000000030c67d578:   00007fe29ab0c2b0 000000030c67d5b0
0x000000030c67d588:   00000001aed6ecce 00000001322747a0
0x000000030c67d598:   0000000000000000 000000030c67d648
0x000000030c67d5a8:   00007fe29ab0c000 000000030c67d620
0x000000030c67d5b8:   000000011e0fd365 000000030c67d620
0x000000030c67d5c8:   000000011e0fd0fb 000000011e0fd0b6
0x000000030c67d5d8:   000000030c67d5d8 0000000132274798
0x000000030c67d5e8:   000000030c67d648 0000000132274d30
0x000000030c67d5f8:   0000000000000000 00000007022aee08
0x000000030c67d608:   00000001322747a0 0000000000000000
0x000000030c67d618:   000000030c67d640 000000030c67d698
0x000000030c67d628:   000000011e0f942b 00000007022aee08
0x000000030c67d638:   000000011e0faf18 00000007022b89b0
0x000000030c67d648:   000000070223f460 000000030c67d650
0x000000030c67d658:   000000013227467f 000000030c67d6c8
0x000000030c67d668:   0000000132274d30 0000000000000000
0x000000030c67d678:   00000007022aee08 00000001322746f0
0x000000030c67d688:   000000030c67d640 000000030c67d6b8
0x000000030c67d698:   000000030c67d728 000000011e0f988f
0x000000030c67d6a8:   0000000000000000 000000070223f460
0x000000030c67d6b8:   00000007022b89b0 000000070223f3a0 

Instructions: (pc=0x00007ff801e94dca)
0x00007ff801e94cca:   00 48 89 df 48 89 c6 e8 bd 9a 01 00 84 c0 75 23
0x00007ff801e94cda:   66 f0 41 81 4e 1e 00 80 48 8b 05 f7 bc c9 41 48
0x00007ff801e94cea:   8b 00 48 3b 45 e0 75 2c 48 83 c4 48 5b 41 5e 41
0x00007ff801e94cfa:   5f 5d c3 31 c0 83 3d 2e 87 cd 41 00 74 da 0f b6
0x00007ff801e94d0a:   d0 4c 89 f7 be 02 00 00 00 e8 39 f3 01 00 eb c8
0x00007ff801e94d1a:   b0 01 eb e1 e8 3b fd 01 00 90 90 90 90 90 90 90
0x00007ff801e94d2a:   90 90 e9 0a 00 00 00 90 90 90 90 90 90 90 90 90
0x00007ff801e94d3a:   90 40 f6 c7 01 75 4e 48 8b 07 a8 01 74 34 48 b9
0x00007ff801e94d4a:   00 00 00 00 00 00 00 01 48 89 c2 48 c1 ea 37 74
0x00007ff801e94d5a:   34 48 89 c2 48 01 ca 72 12 f0 48 0f b1 17 74 25
0x00007ff801e94d6a:   a8 01 75 e4 31 f6 e9 b5 dc 01 00 31 f6 e9 74 73
0x00007ff801e94d7a:   00 00 48 b9 f8 ff ff ff ff 7f 00 00 48 21 c8 f6
0x00007ff801e94d8a:   40 1e 01 74 df 48 89 f8 c3 90 90 90 90 90 90 90
0x00007ff801e94d9a:   90 90 90 90 90 90 48 85 ff 0f 84 9c 00 00 00 89
0x00007ff801e94daa:   f8 83 e0 01 48 85 c0 0f 85 8e 00 00 00 49 b8 f8
0x00007ff801e94dba:   ff ff ff ff 7f 00 00 48 8b 07 48 89 c2 4c 21 c2
0x00007ff801e94dca:   48 8b 72 20 40 f6 c6 04 74 72 a8 01 0f 84 8c 00
0x00007ff801e94dda:   00 00 48 ba 00 00 00 00 00 00 80 00 48 be 00 00
0x00007ff801e94dea:   00 00 00 00 00 01 48 39 d0 72 50 48 89 c1 48 29
0x00007ff801e94dfa:   f1 72 17 f0 48 0f b1 0f 74 3c a8 01 75 e8 31 f6
0x00007ff801e94e0a:   ba 01 00 00 00 e9 70 d7 01 00 48 85 d0 75 57 4c
0x00007ff801e94e1a:   23 07 41 0f b7 40 1e 0f ba e0 0c 48 8d 05 2c cc
0x00007ff801e94e2a:   f9 3f 48 8d 0d c5 cb f9 3f 48 0f 43 c8 48 8b 31
0x00007ff801e94e3a:   ff 25 d0 b4 f9 3f 48 39 d1 72 d4 c3 66 83 7a 1e
0x00007ff801e94e4a:   00 79 0e 83 e6 02 48 85 f6 74 06 f6 42 28 02 75
0x00007ff801e94e5a:   1f 48 8b 35 f6 cc f9 3f ff 25 a8 b4 f9 3f f6 42
0x00007ff801e94e6a:   1e 01 74 9a eb d5 be 01 00 00 00 e9 9c 90 00 00
0x00007ff801e94e7a:   48 8b 05 0f b9 a6 43 ff e0 90 90 90 90 90 90 90
0x00007ff801e94e8a:   90 90 90 90 90 90 90 90 90 e9 04 00 00 00 90 90
0x00007ff801e94e9a:   90 90 55 48 89 e5 53 50 48 89 fb f6 c3 01 75 21
0x00007ff801e94eaa:   48 b8 07 00 00 00 00 00 a0 00 48 23 03 48 83 f8
0x00007ff801e94eba:   01 75 15 48 89 df 48 83 c4 08 5b 5d e9 6b fc 01 


Stack slot to memory mapping:
stack at sp + 0 slots: 0x00007ff801e985fc: _ZN19AutoreleasePoolPage12releaseUntilEPP11objc_object+0xa8 in /usr/lib/libobjc.A.dylib at 0x00007ff801e8c000
stack at sp + 1 slots: 0xbd29ef78faf90078 is an unknown value
stack at sp + 2 slots: 0x00007fe29c2ae000 points into unknown readable memory: 0x4f545541a1a1a1a1 | a1 a1 a1 a1 41 55 54 4f
stack at sp + 3 slots: 0x0000600002405e60 points into unknown readable memory: 0x011dfff84591bc29 | 29 bc 91 45 f8 ff 1d 01
stack at sp + 4 slots: 0x0000000132274798 is pointing into metadata
stack at sp + 5 slots: 0x00007fe29c2ae090 points into unknown readable memory: 0x0000000000000000 | 00 00 00 00 00 00 00 00
stack at sp + 6 slots: 0x0000600002405e60 points into unknown readable memory: 0x011dfff84591bc29 | 29 bc 91 45 f8 ff 1d 01
stack at sp + 7 slots: 0x000000030c67d520 is pointing into the stack for thread: 0x00007fe29ab0c000


---------------  P R O C E S S  ---------------

Threads class SMR info:
_java_thread_list=0x0000600002a732e0, length=19, elements={
0x00007fe29a812600, 0x00007fe29a81d800, 0x00007fe29b82c600, 0x00007fe29b82cc00,
0x00007fe29b82d200, 0x00007fe27a808200, 0x00007fe29c0f0400, 0x00007fe29c0f0a00,
0x00007fe29c0eaa00, 0x00007fe29b82d800, 0x00007fe29c0e9a00, 0x00007fe29b910800,
0x00007fe29a8bc600, 0x00007fe29c26a400, 0x00007fe27a958a00, 0x00007fe29c265a00,
0x00007fe29c430200, 0x00007fe29ab0c000, 0x00007fe29a813a00
}

Java Threads: ( => current thread )
  0x00007fe29a812600 JavaThread "Reference Handler" daemon [_thread_blocked, id=22795, stack(0x000000030a978000,0x000000030aa78000)]
  0x00007fe29a81d800 JavaThread "Finalizer" daemon [_thread_blocked, id=23299, stack(0x000000030aa7b000,0x000000030ab7b000)]
  0x00007fe29b82c600 JavaThread "Signal Dispatcher" daemon [_thread_blocked, id=29955, stack(0x000000030ac8f000,0x000000030ad8f000)]
  0x00007fe29b82cc00 JavaThread "Service Thread" daemon [_thread_blocked, id=29443, stack(0x000000030ad92000,0x000000030ae92000)]
  0x00007fe29b82d200 JavaThread "Monitor Deflation Thread" daemon [_thread_blocked, id=28931, stack(0x000000030ae95000,0x000000030af95000)]
  0x00007fe27a808200 JavaThread "C2 CompilerThread0" daemon [_thread_blocked, id=25603, stack(0x000000030af98000,0x000000030b098000)]
  0x00007fe29c0f0400 JavaThread "C1 CompilerThread0" daemon [_thread_blocked, id=28419, stack(0x000000030b09b000,0x000000030b19b000)]
  0x00007fe29c0f0a00 JavaThread "Sweeper thread" daemon [_thread_blocked, id=27907, stack(0x000000030b19e000,0x000000030b29e000)]
  0x00007fe29c0eaa00 JavaThread "Common-Cleaner" daemon [_thread_blocked, id=27859, stack(0x000000030b2a1000,0x000000030b3a1000)]
  0x00007fe29b82d800 JavaThread "Notification Thread" daemon [_thread_blocked, id=43443, stack(0x000000030b3a4000,0x000000030b4a4000)]
  0x00007fe29c0e9a00 JavaThread "AppKit Thread" daemon [_thread_in_native, id=259, stack(0x00000003099e0000,0x000000030a1e0000)]
  0x00007fe29b910800 JavaThread "AWT-Shutdown" [_thread_blocked, id=63283, stack(0x000000030b5aa000,0x000000030b6aa000)]
  0x00007fe29a8bc600 JavaThread "AWT-EventQueue-0" [_thread_blocked, id=70163, stack(0x000000030b9d6000,0x000000030bad6000)]
  0x00007fe29c26a400 JavaThread "Java2D Queue Flusher" daemon [_thread_blocked, id=70103, stack(0x000000030bad9000,0x000000030bbd9000)]
  0x00007fe27a958a00 JavaThread "Java2D Disposer" daemon [_thread_blocked, id=78631, stack(0x000000030bbdc000,0x000000030bcdc000)]
  0x00007fe29c265a00 JavaThread "Timer-0" daemon [_thread_blocked, id=78247, stack(0x000000030bcdf000,0x000000030bddf000)]
  0x00007fe29c430200 JavaThread "TimerQueue" daemon [_thread_blocked, id=90471, stack(0x000000030bee5000,0x000000030bfe5000)]
=>0x00007fe29ab0c000 JavaThread "jME3 Main" [_thread_in_native, id=89687, stack(0x000000030c57e000,0x000000030c67e000)]
  0x00007fe29a813a00 JavaThread "DestroyJavaVM" [_thread_blocked, id=11011, stack(0x000000030a263000,0x000000030a363000)]

Other Threads:
  0x00007fe29a705480 VMThread "VM Thread" [stack: 0x000000030a875000,0x000000030a975000] [id=22019]
  0x00007fe29b10f460 WatcherThread [stack: 0x000000030b4a7000,0x000000030b5a7000] [id=33283]
  0x00007fe29b006850 GCTaskThread "GC Thread#0" [stack: 0x000000030a366000,0x000000030a466000] [id=16899]
  0x00007fe27ca81510 GCTaskThread "GC Thread#1" [stack: 0x000000030b7bb000,0x000000030b8bb000] [id=88631]
  0x00007fe27ca817c0 GCTaskThread "GC Thread#2" [stack: 0x000000030bde2000,0x000000030bee2000] [id=128295]
  0x00007fe29b1af460 GCTaskThread "GC Thread#3" [stack: 0x000000030c06f000,0x000000030c16f000] [id=124463]
  0x00007fe29b1af710 GCTaskThread "GC Thread#4" [stack: 0x000000030c172000,0x000000030c272000] [id=125787]
  0x00007fe27ca81a70 GCTaskThread "GC Thread#5" [stack: 0x000000030c275000,0x000000030c375000] [id=123907]
  0x00007fe29a753d30 GCTaskThread "GC Thread#6" [stack: 0x000000030c378000,0x000000030c478000] [id=93443]
  0x00007fe29a753fe0 GCTaskThread "GC Thread#7" [stack: 0x000000030c47b000,0x000000030c57b000] [id=122883]
  0x00007fe29b006f00 ConcurrentGCThread "G1 Main Marker" [stack: 0x000000030a469000,0x000000030a569000] [id=17155]
  0x00007fe29b007790 ConcurrentGCThread "G1 Conc#0" [stack: 0x000000030a56c000,0x000000030a66c000] [id=17923]
  0x00007fe29b00a000 ConcurrentGCThread "G1 Refine#0" [stack: 0x000000030a66f000,0x000000030a76f000] [id=20995]
  0x00007fe29b105110 ConcurrentGCThread "G1 Service" [stack: 0x000000030a772000,0x000000030a872000] [id=18947]

Threads with active compile tasks:

VM state: not at safepoint (normal execution)

VM Mutex/Monitor currently owned by a thread: None

Heap address: 0x0000000700000000, size: 4096 MB, Compressed Oops mode: Zero based, Oop shift amount: 3

CDS archive(s) not mapped
Compressed class space mapped at: 0x0000000800000000-0x0000000840000000, reserved size: 1073741824
Narrow klass base: 0x0000000800000000, Narrow klass shift: 0, Narrow klass range: 0x40000000

GC Precious Log:
 CPUs: 8 total, 8 available
 Memory: 16384M
 Large Page Support: Disabled
 NUMA Support: Disabled
 Compressed Oops: Enabled (Zero based)
 Heap Region Size: 2M
 Heap Min Capacity: 8M
 Heap Initial Capacity: 256M
 Heap Max Capacity: 4G
 Pre-touch: Disabled
 Parallel Workers: 8
 Concurrent Workers: 2
 Concurrent Refinement Workers: 8
 Periodic GC: Disabled

Heap:
 garbage-first heap   total 40960K, used 14261K [0x0000000700000000, 0x0000000800000000)
  region size 2048K, 3 young (6144K), 0 survivors (0K)
 Metaspace       used 20933K, committed 21184K, reserved 1114112K
  class space    used 2197K, committed 2304K, reserved 1048576K

Heap Regions: E=young(eden), S=young(survivor), O=old, HS=humongous(starts), HC=humongous(continues), CS=collection set, F=free, OA=open archive, CA=closed archive, TAMS=top-at-mark-start (previous, next)
|   0|0x0000000700000000, 0x0000000700200000, 0x0000000700200000|100%|HS|  |TAMS 0x0000000700200000, 0x0000000700000000| Untracked 
|   1|0x0000000700200000, 0x00000007003fffb0, 0x0000000700400000| 99%| O|  |TAMS 0x00000007003fffb0, 0x0000000700200000| Untracked 
|   2|0x0000000700400000, 0x00000007005ffff0, 0x0000000700600000| 99%| O|  |TAMS 0x0000000700400000, 0x0000000700400000| Untracked 
|   3|0x0000000700600000, 0x0000000700773328, 0x0000000700800000| 72%| O|  |TAMS 0x0000000700600000, 0x0000000700600000| Untracked 
|   4|0x0000000700800000, 0x00000007009f24a8, 0x0000000700a00000| 97%| O|  |TAMS 0x00000007009f24a8, 0x0000000700800000| Untracked 
|   5|0x0000000700a00000, 0x0000000700a87ce8, 0x0000000700c00000| 26%| O|  |TAMS 0x0000000700a00000, 0x0000000700a00000| Untracked 
|   6|0x0000000700c00000, 0x0000000700c00000, 0x0000000700e00000|  0%| F|  |TAMS 0x0000000700c00000, 0x0000000700c00000| Untracked 
|   7|0x0000000700e00000, 0x0000000700e00000, 0x0000000701000000|  0%| F|  |TAMS 0x0000000700e00000, 0x0000000700e00000| Untracked 
|   8|0x0000000701000000, 0x0000000701000000, 0x0000000701200000|  0%| F|  |TAMS 0x0000000701000000, 0x0000000701000000| Untracked 
|   9|0x0000000701200000, 0x0000000701200000, 0x0000000701400000|  0%| F|  |TAMS 0x0000000701200000, 0x0000000701200000| Untracked 
|  10|0x0000000701400000, 0x0000000701400000, 0x0000000701600000|  0%| F|  |TAMS 0x0000000701400000, 0x0000000701400000| Untracked 
|  11|0x0000000701600000, 0x0000000701600000, 0x0000000701800000|  0%| F|  |TAMS 0x0000000701600000, 0x0000000701600000| Untracked 
|  12|0x0000000701800000, 0x0000000701800000, 0x0000000701a00000|  0%| F|  |TAMS 0x0000000701800000, 0x0000000701800000| Untracked 
|  13|0x0000000701a00000, 0x0000000701a00000, 0x0000000701c00000|  0%| F|  |TAMS 0x0000000701a00000, 0x0000000701a00000| Untracked 
|  14|0x0000000701c00000, 0x0000000701c00000, 0x0000000701e00000|  0%| F|  |TAMS 0x0000000701c00000, 0x0000000701c00000| Untracked 
|  15|0x0000000701e00000, 0x0000000701e00000, 0x0000000702000000|  0%| F|  |TAMS 0x0000000701e00000, 0x0000000701e00000| Untracked 
|  16|0x0000000702000000, 0x0000000702000000, 0x0000000702200000|  0%| F|  |TAMS 0x0000000702000000, 0x0000000702000000| Untracked 
|  17|0x0000000702200000, 0x00000007022c8940, 0x0000000702400000| 39%| E|  |TAMS 0x0000000702200000, 0x0000000702200000| Complete 
|  18|0x0000000702400000, 0x0000000702600000, 0x0000000702600000|100%| E|CS|TAMS 0x0000000702400000, 0x0000000702400000| Complete 
|  19|0x0000000702600000, 0x0000000702800000, 0x0000000702800000|100%| E|CS|TAMS 0x0000000702600000, 0x0000000702600000| Complete 

Card table byte_map: [0x0000000125bb9000,0x00000001263b9000] _byte_map_base: 0x00000001223b9000

Marking Bits (Prev, Next): (CMBitMap*) 0x00007fe29c020610, (CMBitMap*) 0x00007fe29c020650
 Prev Bits: [0x0000000126bb9000, 0x000000012abb9000)
 Next Bits: [0x000000012abb9000, 0x000000012ebb9000)

Polling page: 0x0000000102f7f000

Metaspace:

Usage:
  Non-class:     18.30 MB used.
      Class:      2.15 MB used.
       Both:     20.44 MB used.

Virtual space:
  Non-class space:       64.00 MB reserved,      18.44 MB ( 29%) committed,  1 nodes.
      Class space:        1.00 GB reserved,       2.25 MB ( <1%) committed,  1 nodes.
             Both:        1.06 GB reserved,      20.69 MB (  2%) committed. 

Chunk freelists:
   Non-Class:  13.52 MB
       Class:  13.67 MB
        Both:  27.19 MB

MaxMetaspaceSize: unlimited
CompressedClassSpaceSize: 1.00 GB
Initial GC threshold: 21.00 MB
Current GC threshold: 30.62 MB
CDS: off
MetaspaceReclaimPolicy: balanced
 - commit_granule_bytes: 65536.
 - commit_granule_words: 8192.
 - virtual_space_node_default_size: 8388608.
 - enlarge_chunks_in_place: 1.
 - new_chunks_are_fully_committed: 0.
 - uncommit_free_chunks: 1.
 - use_allocation_guard: 0.
 - handle_deallocations: 1.


Internal statistics:

num_allocs_failed_limit: 0.
num_arena_births: 158.
num_arena_deaths: 2.
num_vsnodes_births: 2.
num_vsnodes_deaths: 0.
num_space_committed: 331.
num_space_uncommitted: 0.
num_chunks_returned_to_freelist: 2.
num_chunks_taken_from_freelist: 285.
num_chunk_merges: 0.
num_chunk_splits: 170.
num_chunks_enlarged: 109.
num_inconsistent_stats: 0.

CodeHeap 'non-profiled nmethods': size=120028Kb used=556Kb max_used=556Kb free=119472Kb
 bounds [0x000000011e682000, 0x000000011e8f2000, 0x0000000125bb9000]
CodeHeap 'profiled nmethods': size=120028Kb used=3285Kb max_used=3285Kb free=116742Kb
 bounds [0x0000000116bb9000, 0x0000000116ef9000, 0x000000011e0f0000]
CodeHeap 'non-nmethods': size=5704Kb used=1341Kb max_used=1355Kb free=4362Kb
 bounds [0x000000011e0f0000, 0x000000011e360000, 0x000000011e682000]
 total_blobs=2574 nmethods=1882 adapters=606
 compilation: enabled
              stopped_count=0, restarted_count=0
 full_count=0

Compilation events (20 events):
Event: 10.179 Thread 0x00007fe29c0f0400 1875       3       java.lang.reflect.Field::setFieldAccessor (34 bytes)
Event: 10.179 Thread 0x00007fe29c0f0400 nmethod 1875 0x0000000116ee5510 code [0x0000000116ee56e0, 0x0000000116ee5b20]
Event: 10.179 Thread 0x00007fe29c0f0400 1873       1       java.lang.reflect.Field::getType (5 bytes)
Event: 10.179 Thread 0x00007fe29c0f0400 nmethod 1873 0x000000011e70c390 code [0x000000011e70c520, 0x000000011e70c5f0]
Event: 10.179 Thread 0x00007fe29c0f0400 1874       1       java.lang.reflect.Field::getRoot (5 bytes)
Event: 10.179 Thread 0x00007fe29c0f0400 nmethod 1874 0x000000011e70c690 code [0x000000011e70c820, 0x000000011e70c8f0]
Event: 10.180 Thread 0x00007fe29c0f0400 1876       3       java.lang.Short::valueOf (37 bytes)
Event: 10.180 Thread 0x00007fe29c0f0400 nmethod 1876 0x0000000116ee5c10 code [0x0000000116ee5de0, 0x0000000116ee60f0]
Event: 10.180 Thread 0x00007fe29c0f0400 1877       3       java.lang.Short::hashCode (8 bytes)
Event: 10.180 Thread 0x00007fe29c0f0400 nmethod 1877 0x0000000116ee6210 code [0x0000000116ee63c0, 0x0000000116ee6510]
Event: 10.180 Thread 0x00007fe29c0f0400 1878       3       java.nio.Buffer::remaining (20 bytes)
Event: 10.180 Thread 0x00007fe29c0f0400 nmethod 1878 0x0000000116ee6610 code [0x0000000116ee67c0, 0x0000000116ee6950]
Event: 10.181 Thread 0x00007fe29c0f0400 1880   !   3       java.net.URL::<init> (543 bytes)
Event: 10.182 Thread 0x00007fe27a808200 1882       4       java.lang.AbstractStringBuilder::putStringAt (12 bytes)
Event: 10.185 Thread 0x00007fe29c0f0400 nmethod 1880 0x0000000116ee6a10 code [0x0000000116ee70a0, 0x0000000116eeaa60]
Event: 10.185 Thread 0x00007fe29c0f0400 1879       3       java.net.URL::<init> (8 bytes)
Event: 10.185 Thread 0x00007fe27a808200 nmethod 1882 0x000000011e70c990 code [0x000000011e70cb20, 0x000000011e70cdc8]
Event: 10.185 Thread 0x00007fe29c0f0400 nmethod 1879 0x0000000116eecb90 code [0x0000000116eecd40, 0x0000000116eece80]
Event: 10.185 Thread 0x00007fe29c0f0400 1881       3       java.net.URLStreamHandler::setURL (73 bytes)
Event: 10.186 Thread 0x00007fe29c0f0400 nmethod 1881 0x0000000116eecf10 code [0x0000000116eed200, 0x0000000116eee070]

GC Heap History (4 events):
Event: 9.848 GC heap before
{Heap before GC invocations=0 (full 0):
 garbage-first heap   total 262144K, used 18432K [0x0000000700000000, 0x0000000800000000)
  region size 2048K, 10 young (20480K), 0 survivors (0K)
 Metaspace       used 18574K, committed 18816K, reserved 1114112K
  class space    used 1982K, committed 2112K, reserved 1048576K
}
Event: 9.875 GC heap after
{Heap after GC invocations=1 (full 1):
 garbage-first heap   total 55296K, used 10164K [0x0000000700000000, 0x0000000800000000)
  region size 2048K, 0 young (0K), 0 survivors (0K)
 Metaspace       used 18572K, committed 18816K, reserved 1114112K
  class space    used 1982K, committed 2112K, reserved 1048576K
}
Event: 9.878 GC heap before
{Heap before GC invocations=1 (full 1):
 garbage-first heap   total 55296K, used 10164K [0x0000000700000000, 0x0000000800000000)
  region size 2048K, 1 young (2048K), 0 survivors (0K)
 Metaspace       used 18572K, committed 18816K, reserved 1114112K
  class space    used 1982K, committed 2112K, reserved 1048576K
}
Event: 9.886 GC heap after
{Heap after GC invocations=2 (full 2):
 garbage-first heap   total 40960K, used 10165K [0x0000000700000000, 0x0000000800000000)
  region size 2048K, 0 young (0K), 0 survivors (0K)
 Metaspace       used 18572K, committed 18816K, reserved 1114112K
  class space    used 1982K, committed 2112K, reserved 1048576K
}

Dll operation events (11 events):
Event: 0.007 Loaded shared library /Applications/jmonkeyplatform.app/Contents/Resources/jmonkeyplatform/jdk/lib/libjava.dylib
Event: 0.073 Loaded shared library /Applications/jmonkeyplatform.app/Contents/Resources/jmonkeyplatform/jdk/lib/libnio.dylib
Event: 0.239 Loaded shared library /Applications/jmonkeyplatform.app/Contents/Resources/jmonkeyplatform/jdk/lib/libzip.dylib
Event: 0.309 Loaded shared library /Applications/jmonkeyplatform.app/Contents/Resources/jmonkeyplatform/jdk/lib/libjimage.dylib
Event: 0.411 Loaded shared library /Applications/jmonkeyplatform.app/Contents/Resources/jmonkeyplatform/jdk/lib/libawt.dylib
Event: 0.415 Loaded shared library /Applications/jmonkeyplatform.app/Contents/Resources/jmonkeyplatform/jdk/lib/libawt_lwawt.dylib
Event: 0.488 Loaded shared library /Applications/jmonkeyplatform.app/Contents/Resources/jmonkeyplatform/jdk/lib/libfontmanager.dylib
Event: 0.883 Loaded shared library /Applications/jmonkeyplatform.app/Contents/Resources/jmonkeyplatform/jdk/lib/libosxui.dylib
Event: 1.038 Loaded shared library /Applications/jmonkeyplatform.app/Contents/Resources/jmonkeyplatform/jdk/lib/libprefs.dylib
Event: 10.106 Loaded shared library /Users/barry/jhusquirrel/libopenal.dylib
Event: 10.128 Loaded shared library /Users/barry/jhusquirrel/liblwjgl.dylib

Deoptimization events (20 events):
Event: 1.862 Thread 0x00007fe29a8bc600 Uncommon trap: trap_request=0xffffffc6 fr.pc=0x000000011e6c1fb0 relative=0x00000000000002f0
Event: 1.862 Thread 0x00007fe29a8bc600 Uncommon trap: reason=bimorphic_or_optimized_type_check action=maybe_recompile pc=0x000000011e6c1fb0 method=java.util.HashMap.getNode(Ljava/lang/Object;)Ljava/util/HashMap$Node; @ 128 c2
Event: 1.862 Thread 0x00007fe29a8bc600 DEOPT PACKING pc=0x000000011e6c1fb0 sp=0x000000030bad42b0
Event: 1.862 Thread 0x00007fe29a8bc600 DEOPT UNPACKING pc=0x000000011e146693 sp=0x000000030bad41d8 mode 2
Event: 1.862 Thread 0x00007fe29a8bc600 Uncommon trap: trap_request=0xffffffc6 fr.pc=0x000000011e6c1fb0 relative=0x00000000000002f0
Event: 1.862 Thread 0x00007fe29a8bc600 Uncommon trap: reason=bimorphic_or_optimized_type_check action=maybe_recompile pc=0x000000011e6c1fb0 method=java.util.HashMap.getNode(Ljava/lang/Object;)Ljava/util/HashMap$Node; @ 128 c2
Event: 1.862 Thread 0x00007fe29a8bc600 DEOPT PACKING pc=0x000000011e6c1fb0 sp=0x000000030bad42e0
Event: 1.862 Thread 0x00007fe29a8bc600 DEOPT UNPACKING pc=0x000000011e146693 sp=0x000000030bad4208 mode 2
Event: 1.863 Thread 0x00007fe29a8bc600 Uncommon trap: trap_request=0xffffffc6 fr.pc=0x000000011e6c1780 relative=0x00000000000002c0
Event: 1.863 Thread 0x00007fe29a8bc600 Uncommon trap: reason=bimorphic_or_optimized_type_check action=maybe_recompile pc=0x000000011e6c1780 method=java.util.HashMap.getNode(Ljava/lang/Object;)Ljava/util/HashMap$Node; @ 128 c2
Event: 1.863 Thread 0x00007fe29a8bc600 DEOPT PACKING pc=0x000000011e6c1780 sp=0x000000030bad4230
Event: 1.863 Thread 0x00007fe29a8bc600 DEOPT UNPACKING pc=0x000000011e146693 sp=0x000000030bad41d8 mode 2
Event: 10.030 Thread 0x00007fe29ab0c000 Uncommon trap: trap_request=0xffffff45 fr.pc=0x000000011e704324 relative=0x0000000000000664
Event: 10.030 Thread 0x00007fe29ab0c000 Uncommon trap: reason=unstable_if action=reinterpret pc=0x000000011e704324 method=java.lang.AbstractStringBuilder.append(Ljava/lang/String;)Ljava/lang/AbstractStringBuilder; @ 1 c2
Event: 10.030 Thread 0x00007fe29ab0c000 DEOPT PACKING pc=0x000000011e704324 sp=0x000000030c67c8e0
Event: 10.030 Thread 0x00007fe29ab0c000 DEOPT UNPACKING pc=0x000000011e146693 sp=0x000000030c67c870 mode 2
Event: 10.030 Thread 0x00007fe29ab0c000 Uncommon trap: trap_request=0xffffff45 fr.pc=0x000000011e703110 relative=0x0000000000000650
Event: 10.030 Thread 0x00007fe29ab0c000 Uncommon trap: reason=unstable_if action=reinterpret pc=0x000000011e703110 method=java.lang.AbstractStringBuilder.append(Ljava/lang/String;)Ljava/lang/AbstractStringBuilder; @ 1 c2
Event: 10.030 Thread 0x00007fe29ab0c000 DEOPT PACKING pc=0x000000011e703110 sp=0x000000030c67c880
Event: 10.030 Thread 0x00007fe29ab0c000 DEOPT UNPACKING pc=0x000000011e146693 sp=0x000000030c67c868 mode 2

Classes unloaded (1 events):
Event: 9.854 Thread 0x00007fe29a705480 Unloading class 0x0000000800201400 'java/lang/invoke/LambdaForm$DMH+0x0000000800201400'

Classes redefined (0 events):
No events

Internal exceptions (20 events):
Event: 0.888 Thread 0x00007fe29a8bc600 Exception <a 'java/lang/NoSuchMethodError'{0x000000070f865fb0}: 'void java.lang.invoke.DirectMethodHandle$Holder.invokeStaticInit(java.lang.Object)'> (0x000000070f865fb0) 
thrown [src/hotspot/share/interpreter/linkResolver.cpp, line 759]
Event: 0.905 Thread 0x00007fe29a8bc600 Exception <a 'java/lang/NoSuchMethodError'{0x000000070f8f99e8}: 'java.lang.Object java.lang.invoke.DirectMethodHandle$Holder.newInvokeSpecial(java.lang.Object, java.lang.Object, java.lang.Object, java.lang.Object, java.lang.Object)'> (0x000000070f8f99e8) 
thrown [src/hotspot/share/interpreter/linkResolver.cpp, line 759]
Event: 0.913 Thread 0x00007fe29a8bc600 Exception <a 'java/lang/NoSuchMethodError'{0x000000070f9053b0}: 'java.lang.Object java.lang.invoke.DirectMethodHandle$Holder.invokeStatic(java.lang.Object, int, java.lang.Object, java.lang.Object, java.lang.Object, java.lang.Object)'> (0x000000070f9053b0) 
thrown [src/hotspot/share/interpreter/linkResolver.cpp, line 759]
Event: 0.923 Thread 0x00007fe29a8bc600 Exception <a 'java/lang/NoSuchMethodError'{0x000000070f92aaa0}: 'java.lang.Object java.lang.invoke.DirectMethodHandle$Holder.invokeStatic(java.lang.Object, int, java.lang.Object)'> (0x000000070f92aaa0) 
thrown [src/hotspot/share/interpreter/linkResolver.cpp, line 759]
Event: 0.929 Thread 0x00007fe29a8bc600 Exception <a 'java/lang/ClassNotFoundException'{0x000000070f95ced0}: com/apple/laf/resources/spi/aquaProvider> (0x000000070f95ced0) 
thrown [src/hotspot/share/classfile/systemDictionary.cpp, line 256]
Event: 0.973 Thread 0x00007fe29a8bc600 Exception <a 'java/lang/ClassNotFoundException'{0x000000070f9cfc98}: com/sun/swing/internal/plaf/basic/resources/spi/basicProvider> (0x000000070f9cfc98) 
thrown [src/hotspot/share/classfile/systemDictionary.cpp, line 256]
Event: 0.991 Thread 0x00007fe29a8bc600 Exception <a 'java/lang/NoSuchMethodError'{0x000000070f9eec08}: 'java.lang.Object java.lang.invoke.DirectMethodHandle$Holder.invokeInterface(java.lang.Object, java.lang.Object)'> (0x000000070f9eec08) 
thrown [src/hotspot/share/interpreter/linkResolver.cpp, line 759]
Event: 1.076 Thread 0x00007fe29c2ca200 Exception <a 'java/lang/NoSuchMethodError'{0x000000070f6a6fc0}: 'java.lang.Object java.lang.invoke.DirectMethodHandle$Holder.newInvokeSpecial(java.lang.Object, java.lang.Object, java.lang.Object, int, int, int, int, int)'> (0x000000070f6a6fc0) 
thrown [src/hotspot/share/interpreter/linkResolver.cpp, line 759]
Event: 1.272 Thread 0x00007fe29a8bc600 Exception <a 'java/lang/NoSuchMethodError'{0x000000070f4037b0}: 'java.lang.Object java.lang.invoke.DirectMethodHandle$Holder.newInvokeSpecial(java.lang.Object, java.lang.Object, java.lang.Object, int, java.lang.Object)'> (0x000000070f4037b0) 
thrown [src/hotspot/share/interpreter/linkResolver.cpp, line 759]
Event: 1.304 Thread 0x00007fe29a8bc600 Exception <a 'java/lang/NoSuchMethodError'{0x000000070f41c480}: 'java.lang.Object java.lang.invoke.Invokers$Holder.linkToTargetMethod(int, int, int, int, java.lang.Object)'> (0x000000070f41c480) 
thrown [src/hotspot/share/interpreter/linkResolver.cpp, line 759]
Event: 1.305 Thread 0x00007fe29a8bc600 Exception <a 'java/lang/NoSuchMethodError'{0x000000070f420210}: 'void java.lang.invoke.DirectMethodHandle$Holder.invokeStatic(java.lang.Object, java.lang.Object, long)'> (0x000000070f420210) 
thrown [src/hotspot/share/interpreter/linkResolver.cpp, line 759]
Event: 1.309 Thread 0x00007fe29c0e9a00 Exception <a 'java/lang/NoSuchMethodError'{0x000000070fbfcdb0}: 'void java.lang.invoke.DirectMethodHandle$Holder.invokeStatic(java.lang.Object, java.lang.Object, long)'> (0x000000070fbfcdb0) 
thrown [src/hotspot/share/interpreter/linkResolver.cpp, line 759]
Event: 1.334 Thread 0x00007fe29c0e9a00 Exception <a 'java/lang/NoSuchMethodError'{0x000000070f48d5a8}: 'void java.lang.invoke.DirectMethodHandle$Holder.invokeSpecial(java.lang.Object, java.lang.Object, long)'> (0x000000070f48d5a8) 
thrown [src/hotspot/share/interpreter/linkResolver.cpp, line 759]
Event: 1.885 Thread 0x00007fe29c0e9a00 Exception <a 'java/lang/NoSuchMethodError'{0x000000070f49ab08}: 'void java.lang.invoke.DirectMethodHandle$Holder.invokeStatic(java.lang.Object, long)'> (0x000000070f49ab08) 
thrown [src/hotspot/share/interpreter/linkResolver.cpp, line 759]
Event: 1.889 Thread 0x00007fe29a8bc600 Exception <a 'java/lang/NoSuchMethodError'{0x000000070f56c180}: 'void java.lang.invoke.DirectMethodHandle$Holder.invokeStatic(java.lang.Object, long, long)'> (0x000000070f56c180) 
thrown [src/hotspot/share/interpreter/linkResolver.cpp, line 759]
Event: 1.893 Thread 0x00007fe29a8bc600 Exception <a 'java/lang/NoSuchMethodError'{0x000000070f571a50}: 'java.lang.Object java.lang.invoke.DirectMethodHandle$Holder.newInvokeSpecial(java.lang.Object, long)'> (0x000000070f571a50) 
thrown [src/hotspot/share/interpreter/linkResolver.cpp, line 759]
Event: 1.898 Thread 0x00007fe29a8bc600 Exception <a 'java/lang/NoSuchMethodError'{0x000000070f57bd08}: 'java.lang.Object java.lang.invoke.DirectMethodHandle$Holder.newInvokeSpecial(java.lang.Object, java.lang.Object, int)'> (0x000000070f57bd08) 
thrown [src/hotspot/share/interpreter/linkResolver.cpp, line 759]
Event: 9.961 Thread 0x00007fe29b80a600 Exception <a 'java/lang/ClassNotFoundException'{0x0000000702778430}: sun/util/logging/resources/spi/loggingProvider> (0x0000000702778430) 
thrown [src/hotspot/share/classfile/systemDictionary.cpp, line 256]
Event: 10.029 Thread 0x00007fe29ab0c000 Implicit null exception at 0x000000011e703cf4 to 0x000000011e704310
Event: 10.030 Thread 0x00007fe29ab0c000 Implicit null exception at 0x000000011e702af4 to 0x000000011e7030fc

VM Operations (20 events):
Event: 2.855 Executing VM operation: Cleanup
Event: 2.856 Executing VM operation: Cleanup done
Event: 3.856 Executing VM operation: Cleanup
Event: 3.856 Executing VM operation: Cleanup done
Event: 4.857 Executing VM operation: Cleanup
Event: 4.857 Executing VM operation: Cleanup done
Event: 5.862 Executing VM operation: Cleanup
Event: 5.862 Executing VM operation: Cleanup done
Event: 6.865 Executing VM operation: Cleanup
Event: 6.866 Executing VM operation: Cleanup done
Event: 7.869 Executing VM operation: Cleanup
Event: 7.869 Executing VM operation: Cleanup done
Event: 8.871 Executing VM operation: Cleanup
Event: 8.872 Executing VM operation: Cleanup done
Event: 9.628 Executing VM operation: HandshakeAllThreads
Event: 9.628 Executing VM operation: HandshakeAllThreads done
Event: 9.847 Executing VM operation: G1CollectFull
Event: 9.875 Executing VM operation: G1CollectFull done
Event: 9.877 Executing VM operation: G1CollectFull
Event: 9.886 Executing VM operation: G1CollectFull done

Events (20 events):
Event: 10.165 loading class sun/nio/cs/US_ASCII
Event: 10.165 loading class sun/nio/cs/US_ASCII done
Event: 10.165 loading class java/nio/charset/StandardCharsets
Event: 10.165 loading class java/nio/charset/StandardCharsets done
Event: 10.165 loading class sun/nio/cs/UTF_16BE
Event: 10.165 loading class sun/nio/cs/UTF_16BE done
Event: 10.165 loading class sun/nio/cs/UTF_16LE
Event: 10.165 loading class sun/nio/cs/UTF_16LE done
Event: 10.165 loading class sun/nio/cs/UTF_16
Event: 10.165 loading class sun/nio/cs/UTF_16 done
Event: 10.166 loading class sun/misc/Unsafe
Event: 10.166 loading class sun/misc/Unsafe done
Event: 10.167 loading class jdk/internal/access/foreign/MemorySegmentProxy
Event: 10.167 loading class jdk/internal/access/foreign/MemorySegmentProxy done
Event: 10.168 loading class java/nio/StringCharBuffer
Event: 10.168 loading class java/nio/StringCharBuffer done
Event: 10.176 loading class java/awt/IllegalComponentStateException
Event: 10.176 loading class java/awt/IllegalComponentStateException done
Event: 10.182 loading class java/lang/NumberFormatException
Event: 10.182 loading class java/lang/NumberFormatException done


Dynamic libraries:
0x000000010b50a000 	/Applications/jmonkeyplatform.app/Contents/Resources/jmonkeyplatform/jdk/lib/libjli.dylib
0x00007ff81bc98000 	/System/Library/Frameworks/Cocoa.framework/Versions/A/Cocoa
0x00007ff8052c1000 	/System/Library/Frameworks/AppKit.framework/Versions/C/AppKit
0x00007ff807fca000 	/System/Library/Frameworks/CoreData.framework/Versions/A/CoreData
0x00007ff80308f000 	/System/Library/Frameworks/Foundation.framework/Versions/C/Foundation
0x00007ff80e736000 	/usr/lib/libSystem.B.dylib
0x00007ff8062ca000 	/System/Library/PrivateFrameworks/UIFoundation.framework/Versions/A/UIFoundation
0x00007ffb07aea000 	/System/Library/PrivateFrameworks/CollectionViewCore.framework/Versions/A/CollectionViewCore
0x00007ff815ba3000 	/System/Library/PrivateFrameworks/RemoteViewServices.framework/Versions/A/RemoteViewServices
0x00007ff80c52d000 	/System/Library/PrivateFrameworks/XCTTargetBootstrap.framework/Versions/A/XCTTargetBootstrap
0x00007ff81167c000 	/System/Library/PrivateFrameworks/InternationalSupport.framework/Versions/A/InternationalSupport
0x00007ff811705000 	/System/Library/PrivateFrameworks/UserActivity.framework/Versions/A/UserActivity
0x00007ffb1ea3b000 	/System/Library/PrivateFrameworks/WindowManagement.framework/Versions/A/WindowManagement
0x00007ff802d7e000 	/System/Library/Frameworks/SystemConfiguration.framework/Versions/A/SystemConfiguration
0x00007ff810a5a000 	/usr/lib/libspindump.dylib
0x00007ff806498000 	/System/Library/Frameworks/UniformTypeIdentifiers.framework/Versions/A/UniformTypeIdentifiers
0x00007ff80a6e7000 	/usr/lib/libapp_launch_measurement.dylib
0x00007ff80944d000 	/System/Library/PrivateFrameworks/CoreAnalytics.framework/Versions/A/CoreAnalytics
0x00007ff80a6ea000 	/System/Library/PrivateFrameworks/CoreAutoLayout.framework/Versions/A/CoreAutoLayout
0x00007ff80bd98000 	/System/Library/Frameworks/Metal.framework/Versions/A/Metal
0x00007ff80ccb7000 	/usr/lib/liblangid.dylib
0x00007ff80c532000 	/System/Library/PrivateFrameworks/CoreSVG.framework/Versions/A/CoreSVG
0x00007ff806e00000 	/System/Library/PrivateFrameworks/SkyLight.framework/Versions/A/SkyLight
0x00007ff8071f3000 	/System/Library/Frameworks/CoreGraphics.framework/Versions/A/CoreGraphics
0x00007ff816289000 	/System/Library/Frameworks/Accelerate.framework/Versions/A/Accelerate
0x00007ff8104cb000 	/System/Library/PrivateFrameworks/IconServices.framework/Versions/A/IconServices
0x00007ff80bd79000 	/System/Library/Frameworks/IOSurface.framework/Versions/A/IOSurface
0x00007ff809478000 	/usr/lib/libDiagnosticMessagesClient.dylib
0x00007ff80e647000 	/usr/lib/libz.1.dylib
0x00007ff819958000 	/System/Library/Frameworks/ApplicationServices.framework/Versions/A/ApplicationServices
0x00007ff80c519000 	/System/Library/PrivateFrameworks/DFRFoundation.framework/Versions/A/DFRFoundation
0x00007ff804b8b000 	/usr/lib/libicucore.A.dylib
0x00007ff81251b000 	/System/Library/Frameworks/AudioToolbox.framework/Versions/A/AudioToolbox
0x00007ff811687000 	/System/Library/PrivateFrameworks/DataDetectorsCore.framework/Versions/A/DataDetectorsCore
0x00007ff909c75000 	/System/Library/PrivateFrameworks/TextInput.framework/Versions/A/TextInput
0x00007ff806d69000 	/usr/lib/libMobileGestalt.dylib
0x00007ff80c221000 	/System/Library/Frameworks/Carbon.framework/Versions/A/Frameworks/HIToolbox.framework/Versions/A/HIToolbox
0x00007ff80a072000 	/System/Library/Frameworks/QuartzCore.framework/Versions/A/QuartzCore
0x00007ff8047f9000 	/System/Library/Frameworks/Security.framework/Versions/A/Security
0x00007ff815bdb000 	/System/Library/Frameworks/Carbon.framework/Versions/A/Frameworks/SpeechRecognition.framework/Versions/A/SpeechRecognition
0x00007ff80a425000 	/System/Library/PrivateFrameworks/CoreUI.framework/Versions/A/CoreUI
0x00007ff804147000 	/System/Library/Frameworks/CoreAudio.framework/Versions/A/CoreAudio
0x00007ff809551000 	/System/Library/Frameworks/DiskArbitration.framework/Versions/A/DiskArbitration
0x00007ff810e76000 	/System/Library/PrivateFrameworks/MultitouchSupport.framework/Versions/A/MultitouchSupport
0x00007ff806d68000 	/usr/lib/libenergytrace.dylib
0x00007ff8051a1000 	/System/Library/Frameworks/IOKit.framework/Versions/A/IOKit
0x00007ff815fd8000 	/System/Library/Frameworks/CoreServices.framework/Versions/A/CoreServices
0x00007ff80a67e000 	/System/Library/PrivateFrameworks/PerformanceAnalysis.framework/Versions/A/PerformanceAnalysis
0x00007ffa1ad62000 	/System/Library/Frameworks/OpenGL.framework/Versions/A/OpenGL
0x00007ff80a732000 	/usr/lib/libxml2.2.dylib
0x00007ff80dae0000 	/System/Library/PrivateFrameworks/MobileKeyBag.framework/Versions/A/MobileKeyBag
0x00007ff801e8c000 	/usr/lib/libobjc.A.dylib
0x00007ff802157000 	/usr/lib/libc++.1.dylib
0x00007ff807a00000 	/System/Library/Frameworks/ColorSync.framework/Versions/A/ColorSync
0x00007ff802287000 	/System/Library/Frameworks/CoreFoundation.framework/Versions/A/CoreFoundation
0x00007ff80c883000 	/System/Library/Frameworks/CoreImage.framework/Versions/A/CoreImage
0x00007ff803f55000 	/System/Library/Frameworks/CoreText.framework/Versions/A/CoreText
0x00007ff80c569000 	/System/Library/Frameworks/ImageIO.framework/Versions/A/ImageIO
0x00007ff80e73c000 	/System/Library/PrivateFrameworks/SoftLinking.framework/Versions/A/SoftLinking
0x00007ff80e9bd000 	/usr/lib/libcompression.dylib
0x00007ff8115b5000 	/System/Library/PrivateFrameworks/TextureIO.framework/Versions/A/TextureIO
0x00007ff8100f5000 	/usr/lib/libate.dylib
0x00007ff80e730000 	/usr/lib/system/libcache.dylib
0x00007ff80e6e7000 	/usr/lib/system/libcommonCrypto.dylib
0x00007ff80e714000 	/usr/lib/system/libcompiler_rt.dylib
0x00007ff80e706000 	/usr/lib/system/libcopyfile.dylib
0x00007ff801fbf000 	/usr/lib/system/libcorecrypto.dylib
0x00007ff802084000 	/usr/lib/system/libdispatch.dylib
0x00007ff80222e000 	/usr/lib/system/libdyld.dylib
0x00007ff80e726000 	/usr/lib/system/libkeymgr.dylib
0x00007ff80e6c6000 	/usr/lib/system/libmacho.dylib
0x00007ff80dbce000 	/usr/lib/system/libquarantine.dylib
0x00007ff80e724000 	/usr/lib/system/libremovefile.dylib
0x00007ff806dce000 	/usr/lib/system/libsystem_asl.dylib
0x00007ff801f60000 	/usr/lib/system/libsystem_blocks.dylib
0x00007ff8020cf000 	/usr/lib/system/libsystem_c.dylib
0x00007ff80e71c000 	/usr/lib/system/libsystem_collections.dylib
0x00007ff80cca8000 	/usr/lib/system/libsystem_configuration.dylib
0x00007ff80bd4a000 	/usr/lib/system/libsystem_containermanager.dylib
0x00007ff80e37a000 	/usr/lib/system/libsystem_coreservices.dylib
0x00007ff804e1c000 	/usr/lib/system/libsystem_darwin.dylib
0x00007ff80e727000 	/usr/lib/system/libsystem_dnssd.dylib
0x00007ff8020cc000 	/usr/lib/system/libsystem_featureflags.dylib
0x00007ff80225c000 	/usr/lib/system/libsystem_info.dylib
0x00007ff80e65a000 	/usr/lib/system/libsystem_m.dylib
0x00007ff802057000 	/usr/lib/system/libsystem_malloc.dylib
0x00007ff806d51000 	/usr/lib/system/libsystem_networkextension.dylib
0x00007ff80525f000 	/usr/lib/system/libsystem_notify.dylib
0x00007ff80ccac000 	/usr/lib/system/libsystem_sandbox.dylib
0x00007ff80e721000 	/usr/lib/system/libsystem_secinit.dylib
0x00007ff8021e8000 	/usr/lib/system/libsystem_kernel.dylib
0x00007ff802252000 	/usr/lib/system/libsystem_platform.dylib
0x00007ff802222000 	/usr/lib/system/libsystem_pthread.dylib
0x00007ff80880f000 	/usr/lib/system/libsystem_symptoms.dylib
0x00007ff801fa5000 	/usr/lib/system/libsystem_trace.dylib
0x00007ff80e6f3000 	/usr/lib/system/libunwind.dylib
0x00007ff801f64000 	/usr/lib/system/libxpc.dylib
0x00007ff8021d3000 	/usr/lib/libc++abi.dylib
0x00007ff80e6fe000 	/usr/lib/liboah.dylib
0x00007ff80fe82000 	/usr/lib/liblzma.5.dylib
0x00007ff80e738000 	/usr/lib/libfakelink.dylib
0x00007ff8069b0000 	/System/Library/Frameworks/CFNetwork.framework/Versions/A/CFNetwork
0x00007ff80e875000 	/usr/lib/libarchive.2.dylib
0x00007ff813e71000 	/System/Library/Frameworks/Combine.framework/Versions/A/Combine
0x00007ff811fb7000 	/usr/lib/swift/libswiftCore.dylib
0x00007ff906c3f000 	/usr/lib/swift/libswiftCoreFoundation.dylib
0x00007ff904ccf000 	/usr/lib/swift/libswiftDarwin.dylib
0x00007ff81782a000 	/usr/lib/swift/libswiftDispatch.dylib
0x00007ff906c5b000 	/usr/lib/swift/libswiftIOKit.dylib
0x00007ff819d97000 	/usr/lib/swift/libswiftObjectiveC.dylib
0x00007ff906c50000 	/usr/lib/swift/libswiftXPC.dylib
0x00007ffc075f5000 	/usr/lib/swift/libswift_Concurrency.dylib
0x00007ffc07732000 	/usr/lib/swift/libswift_StringProcessing.dylib
0x00007ff819d9b000 	/usr/lib/swift/libswiftos.dylib
0x00007ff805123000 	/System/Library/PrivateFrameworks/CoreServicesInternal.framework/Versions/A/CoreServicesInternal
0x00007ff80dbf5000 	/usr/lib/libbsm.0.dylib
0x00007ff80e6cb000 	/usr/lib/system/libkxld.dylib
0x00007ff80a6b2000 	/System/Library/Frameworks/CoreServices.framework/Versions/A/Frameworks/FSEvents.framework/Versions/A/FSEvents
0x00007ff804e27000 	/System/Library/Frameworks/CoreServices.framework/Versions/A/Frameworks/CarbonCore.framework/Versions/A/CarbonCore
0x00007ff8094bb000 	/System/Library/Frameworks/CoreServices.framework/Versions/A/Frameworks/Metadata.framework/Versions/A/Metadata
0x00007ff80e380000 	/System/Library/Frameworks/CoreServices.framework/Versions/A/Frameworks/OSServices.framework/Versions/A/OSServices
0x00007ff80e8fd000 	/System/Library/Frameworks/CoreServices.framework/Versions/A/Frameworks/SearchKit.framework/Versions/A/SearchKit
0x00007ff808797000 	/System/Library/Frameworks/CoreServices.framework/Versions/A/Frameworks/AE.framework/Versions/A/AE
0x00007ff802722000 	/System/Library/Frameworks/CoreServices.framework/Versions/A/Frameworks/LaunchServices.framework/Versions/A/LaunchServices
0x00007ff80fe33000 	/System/Library/Frameworks/CoreServices.framework/Versions/A/Frameworks/DictionaryServices.framework/Versions/A/DictionaryServices
0x00007ff80a6bf000 	/System/Library/Frameworks/CoreServices.framework/Versions/A/Frameworks/SharedFileList.framework/Versions/A/SharedFileList
0x00007ff80e987000 	/usr/lib/libapple_nghttp2.dylib
0x00007ff8069ac000 	/usr/lib/libnetwork.dylib
0x00007ff808449000 	/usr/lib/libsqlite3.dylib
0x00007ff808817000 	/System/Library/Frameworks/Network.framework/Versions/A/Network
0x00007ffc06560000 	/usr/lib/libCoreEntitlements.dylib
0x00007ffb11567000 	/System/Library/PrivateFrameworks/MessageSecurity.framework/Versions/A/MessageSecurity
0x00007ff808430000 	/System/Library/PrivateFrameworks/ProtocolBuffer.framework/Versions/A/ProtocolBuffer
0x00007ff80e29c000 	/System/Library/PrivateFrameworks/AppleFSCompression.framework/Versions/A/AppleFSCompression
0x00007ff80dbdd000 	/usr/lib/libcoretls.dylib
0x00007ff80fe9b000 	/usr/lib/libcoretls_cfhelpers.dylib
0x00007ff80e9b7000 	/usr/lib/libpam.2.dylib
0x00007ff80ff0e000 	/usr/lib/libxar.1.dylib
0x00007ff8104a7000 	/usr/lib/libheimdal-asn1.dylib
0x00007ff80e73d000 	/usr/lib/libpcap.A.dylib
0x00007ff808806000 	/usr/lib/libdns_services.dylib
0x00007ff80ccb3000 	/System/Library/PrivateFrameworks/AppleSystemInfo.framework/Versions/A/AppleSystemInfo
0x00007ff80d8e7000 	/System/Library/PrivateFrameworks/IOMobileFramebuffer.framework/Versions/A/IOMobileFramebuffer
0x00007ff80e36b000 	/usr/lib/libbz2.1.0.dylib
0x00007ff80dbd1000 	/usr/lib/libCheckFix.dylib
0x00007ff806de5000 	/System/Library/PrivateFrameworks/TCC.framework/Versions/A/TCC
0x00007ff80ccb9000 	/System/Library/PrivateFrameworks/CoreNLP.framework/Versions/A/CoreNLP
0x00007ff80947a000 	/System/Library/PrivateFrameworks/MetadataUtilities.framework/Versions/A/MetadataUtilities
0x00007ff80dc06000 	/usr/lib/libmecab.dylib
0x00007ff802dfe000 	/usr/lib/libCRFSuite.dylib
0x00007ff80dc5f000 	/usr/lib/libgermantok.dylib
0x00007ff80e963000 	/usr/lib/libThaiTokenizer.dylib
0x00007ff809559000 	/System/Library/Frameworks/Accelerate.framework/Versions/A/Frameworks/vImage.framework/Versions/A/vImage
0x00007ff815fab000 	/System/Library/Frameworks/Accelerate.framework/Versions/A/Frameworks/vecLib.framework/Versions/A/vecLib
0x00007ff80ff50000 	/System/Library/Frameworks/Accelerate.framework/Versions/A/Frameworks/vecLib.framework/Versions/A/libvMisc.dylib
0x00007ff80d6e2000 	/System/Library/Frameworks/Accelerate.framework/Versions/A/Frameworks/vecLib.framework/Versions/A/libvDSP.dylib
0x00007ff802ae1000 	/System/Library/Frameworks/Accelerate.framework/Versions/A/Frameworks/vecLib.framework/Versions/A/libBLAS.dylib
0x00007ff80ea9b000 	/System/Library/Frameworks/Accelerate.framework/Versions/A/Frameworks/vecLib.framework/Versions/A/libLAPACK.dylib
0x00007ff80dc62000 	/System/Library/Frameworks/Accelerate.framework/Versions/A/Frameworks/vecLib.framework/Versions/A/libLinearAlgebra.dylib
0x00007ff80e9a2000 	/System/Library/Frameworks/Accelerate.framework/Versions/A/Frameworks/vecLib.framework/Versions/A/libSparseBLAS.dylib
0x00007ff80ea95000 	/System/Library/Frameworks/Accelerate.framework/Versions/A/Frameworks/vecLib.framework/Versions/A/libQuadrature.dylib
0x00007ff80cd9f000 	/System/Library/Frameworks/Accelerate.framework/Versions/A/Frameworks/vecLib.framework/Versions/A/libBNNS.dylib
0x00007ff802d07000 	/System/Library/Frameworks/Accelerate.framework/Versions/A/Frameworks/vecLib.framework/Versions/A/libSparse.dylib
0x00007ffb107a1000 	/System/Library/PrivateFrameworks/MIL.framework/Versions/A/MIL
0x00007ff80e772000 	/usr/lib/libiconv.2.dylib
0x00007ff80e6c5000 	/usr/lib/libcharset.1.dylib
0x00007ff80a696000 	/System/Library/Frameworks/OpenDirectory.framework/Versions/A/Frameworks/CFOpenDirectory.framework/Versions/A/CFOpenDirectory
0x00007ff80a68a000 	/System/Library/Frameworks/OpenDirectory.framework/Versions/A/OpenDirectory
0x00007ff80fe9d000 	/System/Library/PrivateFrameworks/APFS.framework/Versions/A/APFS
0x00007ff80db13000 	/System/Library/Frameworks/SecurityFoundation.framework/Versions/A/SecurityFoundation
0x00007ff80ff1c000 	/usr/lib/libutil.dylib
0x00007ffb0f73c000 	/System/Library/PrivateFrameworks/InstalledContentLibrary.framework/Versions/A/InstalledContentLibrary
0x00007ff805164000 	/System/Library/PrivateFrameworks/CoreServicesStore.framework/Versions/A/CoreServicesStore
0x00007ffb0666e000 	/System/Library/PrivateFrameworks/AppleMobileFileIntegrity.framework/Versions/A/AppleMobileFileIntegrity
0x00007ff906c21000 	/usr/lib/libmis.dylib
0x00007ff9154f5000 	/System/Library/PrivateFrameworks/MobileSystemServices.framework/Versions/A/MobileSystemServices
0x00007ffa1120c000 	/System/Library/PrivateFrameworks/ConfigProfileHelper.framework/Versions/A/ConfigProfileHelper
0x00007ff80e965000 	/System/Library/PrivateFrameworks/AppleSauce.framework/Versions/A/AppleSauce
0x00007ff803a18000 	/System/Library/PrivateFrameworks/LanguageModeling.framework/Versions/A/LanguageModeling
0x00007ff80ff20000 	/usr/lib/libxslt.1.dylib
0x00007ff80e864000 	/usr/lib/libcmph.dylib
0x00007ff80d8d4000 	/System/Library/PrivateFrameworks/CoreEmoji.framework/Versions/A/CoreEmoji
0x00007ff80cd9a000 	/System/Library/PrivateFrameworks/LinguisticData.framework/Versions/A/LinguisticData
0x00007ff802cbe000 	/System/Library/PrivateFrameworks/Lexicon.framework/Versions/A/Lexicon
0x00007ff80dba1000 	/System/Library/PrivateFrameworks/BackgroundTaskManagement.framework/Versions/A/BackgroundTaskManagement
0x00007ffc066a2000 	/usr/lib/libTLE.dylib
0x00007ffc0767b000 	/usr/lib/swift/libswift_RegexParser.dylib
0x00007ff810d40000 	/System/Library/PrivateFrameworks/AppleJPEG.framework/Versions/A/AppleJPEG
0x00007ff81048c000 	/usr/lib/libexpat.1.dylib
0x00007ff811410000 	/System/Library/Frameworks/ImageIO.framework/Versions/A/Resources/libPng.dylib
0x00007ff81143d000 	/System/Library/Frameworks/ImageIO.framework/Versions/A/Resources/libTIFF.dylib
0x00007ff81152f000 	/System/Library/Frameworks/ImageIO.framework/Versions/A/Resources/libGIF.dylib
0x00007ff810d8b000 	/System/Library/Frameworks/ImageIO.framework/Versions/A/Resources/libJP2.dylib
0x00007ff8114cf000 	/System/Library/Frameworks/ImageIO.framework/Versions/A/Resources/libJPEG.dylib
0x00007ff8114c6000 	/System/Library/Frameworks/ImageIO.framework/Versions/A/Resources/libRadiance.dylib
0x00007ff80c0ba000 	/System/Library/PrivateFrameworks/FontServices.framework/libFontParser.dylib
0x00007ff80873c000 	/System/Library/PrivateFrameworks/RunningBoardServices.framework/Versions/A/RunningBoardServices
0x00007ff81c345000 	/System/Library/PrivateFrameworks/IOSurfaceAccelerator.framework/Versions/A/IOSurfaceAccelerator
0x00007ff810e72000 	/System/Library/PrivateFrameworks/WatchdogClient.framework/Versions/A/WatchdogClient
0x00007ff803b7e000 	/System/Library/Frameworks/CoreDisplay.framework/Versions/A/CoreDisplay
0x00007ff80bfa9000 	/System/Library/Frameworks/CoreMedia.framework/Versions/A/CoreMedia
0x00007ff80bd8f000 	/System/Library/PrivateFrameworks/IOAccelerator.framework/Versions/A/IOAccelerator
0x00007ff80a811000 	/System/Library/Frameworks/CoreVideo.framework/Versions/A/CoreVideo
0x00007ff80e9b5000 	/System/Library/Frameworks/MetalPerformanceShaders.framework/Versions/A/MetalPerformanceShaders
0x00007ff810eb1000 	/System/Library/Frameworks/VideoToolbox.framework/Versions/A/VideoToolbox
0x00007ff80867a000 	/System/Library/PrivateFrameworks/BaseBoard.framework/Versions/A/BaseBoard
0x00007ff8114bf000 	/System/Library/PrivateFrameworks/GPUWrangler.framework/Versions/A/GPUWrangler
0x00007ff8114a3000 	/System/Library/PrivateFrameworks/IOPresentment.framework/Versions/A/IOPresentment
0x00007ff8114c9000 	/System/Library/PrivateFrameworks/DSExternalDisplay.framework/Versions/A/DSExternalDisplay
0x00007ffb0bc0f000 	/System/Library/PrivateFrameworks/GPUCompiler.framework/Versions/31001/Libraries/libllvm-flatbuffers.dylib
0x00007ffa1ad56000 	/System/Library/Frameworks/OpenGL.framework/Versions/A/Libraries/libCoreFSCache.dylib
0x00007ffb0bc0b000 	/System/Library/PrivateFrameworks/GPUCompiler.framework/Versions/31001/Libraries/libGPUCompilerUtils.dylib
0x00007ff811535000 	/System/Library/PrivateFrameworks/CMCaptureCore.framework/Versions/A/CMCaptureCore
0x00007ffa1fd32000 	/System/Library/Frameworks/ExtensionFoundation.framework/Versions/A/ExtensionFoundation
0x00007ff817fc2000 	/System/Library/PrivateFrameworks/CoreTime.framework/Versions/A/CoreTime
0x00007ff810a45000 	/System/Library/PrivateFrameworks/AppServerSupport.framework/Versions/A/AppServerSupport
0x00007ff812dd5000 	/System/Library/PrivateFrameworks/perfdata.framework/Versions/A/perfdata
0x00007ff803caa000 	/System/Library/PrivateFrameworks/AudioToolboxCore.framework/Versions/A/AudioToolboxCore
0x00007ff80bf84000 	/System/Library/PrivateFrameworks/caulk.framework/Versions/A/caulk
0x00007ff8126b0000 	/usr/lib/libAudioStatistics.dylib
0x00007ff90608f000 	/System/Library/PrivateFrameworks/SystemPolicy.framework/Versions/A/SystemPolicy
0x00007ff81294b000 	/usr/lib/libSMC.dylib
0x00007ff81bb36000 	/System/Library/Frameworks/CoreMIDI.framework/Versions/A/CoreMIDI
0x00007ff8113de000 	/usr/lib/libAudioToolboxUtility.dylib
0x00007ff8214c0000 	/System/Library/PrivateFrameworks/OSAServicesClient.framework/Versions/A/OSAServicesClient
0x00007ff812de2000 	/usr/lib/libperfcheck.dylib
0x00007ff81036c000 	/System/Library/PrivateFrameworks/PlugInKit.framework/Versions/A/PlugInKit
0x00007ff80db06000 	/System/Library/PrivateFrameworks/AssertionServices.framework/Versions/A/AssertionServices
0x00007ffa1adb3000 	/System/Library/Frameworks/OpenGL.framework/Versions/A/Libraries/libGLU.dylib
0x00007ffa1ad75000 	/System/Library/Frameworks/OpenGL.framework/Versions/A/Libraries/libGFXShared.dylib
0x00007ffa1af74000 	/System/Library/Frameworks/OpenGL.framework/Versions/A/Libraries/libGL.dylib
0x00007ffa1ad7e000 	/System/Library/Frameworks/OpenGL.framework/Versions/A/Libraries/libGLImage.dylib
0x00007ffa1ad72000 	/System/Library/Frameworks/OpenGL.framework/Versions/A/Libraries/libCVMSPluginSupport.dylib
0x00007ffc06681000 	/usr/lib/libRosetta.dylib
0x00007ffa1ad5d000 	/System/Library/Frameworks/OpenGL.framework/Versions/A/Libraries/libCoreVMClient.dylib
0x00007ff80cc28000 	/System/Library/Frameworks/MetalPerformanceShaders.framework/Versions/A/Frameworks/MPSCore.framework/Versions/A/MPSCore
0x00007ff80e206000 	/System/Library/Frameworks/MetalPerformanceShaders.framework/Versions/A/Frameworks/MPSImage.framework/Versions/A/MPSImage
0x00007ff80dc78000 	/System/Library/Frameworks/MetalPerformanceShaders.framework/Versions/A/Frameworks/MPSNeuralNetwork.framework/Versions/A/MPSNeuralNetwork
0x00007ff80e0e9000 	/System/Library/Frameworks/MetalPerformanceShaders.framework/Versions/A/Frameworks/MPSMatrix.framework/Versions/A/MPSMatrix
0x00007ff80dea5000 	/System/Library/Frameworks/MetalPerformanceShaders.framework/Versions/A/Frameworks/MPSRayIntersector.framework/Versions/A/MPSRayIntersector
0x00007ff80e125000 	/System/Library/Frameworks/MetalPerformanceShaders.framework/Versions/A/Frameworks/MPSNDArray.framework/Versions/A/MPSNDArray
0x00007ffa2111a000 	/System/Library/Frameworks/MetalPerformanceShaders.framework/Versions/A/Frameworks/MPSFunctions.framework/Versions/A/MPSFunctions
0x00007ff8029a1000 	/System/Library/PrivateFrameworks/MetalTools.framework/Versions/A/MetalTools
0x00007ff80ccb2000 	/System/Library/PrivateFrameworks/AggregateDictionary.framework/Versions/A/AggregateDictionary
0x00007ff810222000 	/usr/lib/libIOReport.dylib
0x00007ffb1409c000 	/System/Library/PrivateFrameworks/PhotosensitivityProcessing.framework/Versions/A/PhotosensitivityProcessing
0x00007ffa1ba39000 	/System/Library/Frameworks/OpenCL.framework/Versions/A/OpenCL
0x00007ff8105d4000 	/System/Library/PrivateFrameworks/GraphVisualizer.framework/Versions/A/GraphVisualizer
0x00007ffb0bb24000 	/System/Library/PrivateFrameworks/FontServices.framework/Versions/A/FontServices
0x00007ff810a00000 	/System/Library/PrivateFrameworks/OTSVG.framework/Versions/A/OTSVG
0x00007ff80a3d9000 	/System/Library/Frameworks/ApplicationServices.framework/Versions/A/Frameworks/ATS.framework/Versions/A/Resources/libFontRegistry.dylib
0x00007ff810a4f000 	/System/Library/PrivateFrameworks/FontServices.framework/libhvf.dylib
0x00007ffb0bb25000 	/System/Library/PrivateFrameworks/FontServices.framework/libXTFontStaticRegistryData.dylib
0x00007ff911af2000 	/usr/lib/swift/libswiftMetal.dylib
0x00007ff909bd6000 	/usr/lib/swift/libswiftsimd.dylib
0x00007ffb1d782000 	/System/Library/PrivateFrameworks/VideoToolboxParavirtualizationSupport.framework/Versions/A/VideoToolboxParavirtualizationSupport
0x00007ff81043c000 	/System/Library/PrivateFrameworks/AppleVA.framework/Versions/A/AppleVA
0x00007ff8126f0000 	/System/Library/Frameworks/ApplicationServices.framework/Versions/A/Frameworks/ATS.framework/Versions/A/ATS
0x00007ff807af0000 	/System/Library/Frameworks/ApplicationServices.framework/Versions/A/Frameworks/HIServices.framework/Versions/A/HIServices
0x00007ff811541000 	/System/Library/Frameworks/ApplicationServices.framework/Versions/A/Frameworks/PrintCore.framework/Versions/A/PrintCore
0x00007ff812aa1000 	/System/Library/Frameworks/ApplicationServices.framework/Versions/A/Frameworks/QD.framework/Versions/A/QD
0x00007ff812a99000 	/System/Library/Frameworks/ApplicationServices.framework/Versions/A/Frameworks/ColorSyncLegacy.framework/Versions/A/ColorSyncLegacy
0x00007ff8126c4000 	/System/Library/Frameworks/ApplicationServices.framework/Versions/A/Frameworks/SpeechSynthesis.framework/Versions/A/SpeechSynthesis
0x00007ff8114ff000 	/System/Library/Frameworks/ApplicationServices.framework/Versions/A/Frameworks/ATSUI.framework/Versions/A/ATSUI
0x00007ff812a2b000 	/usr/lib/libcups.2.dylib
0x00007ff812df1000 	/System/Library/Frameworks/Kerberos.framework/Versions/A/Kerberos
0x00007ff812e00000 	/System/Library/Frameworks/GSS.framework/Versions/A/GSS
0x00007ff81275e000 	/usr/lib/libresolv.9.dylib
0x00007ff810a5f000 	/System/Library/PrivateFrameworks/Heimdal.framework/Versions/A/Heimdal
0x00007ff819d19000 	/System/Library/Frameworks/Kerberos.framework/Versions/A/Libraries/libHeimdalProxy.dylib
0x00007ff812e4b000 	/System/Library/PrivateFrameworks/CommonAuth.framework/Versions/A/CommonAuth
0x00007ffa1efe1000 	/System/Library/Frameworks/AVFAudio.framework/Versions/A/AVFAudio
0x00007ff821509000 	/System/Library/PrivateFrameworks/AXCoreUtilities.framework/Versions/A/AXCoreUtilities
0x00007ff81263e000 	/System/Library/PrivateFrameworks/AudioSession.framework/Versions/A/AudioSession
0x00007ff813c43000 	/System/Library/Frameworks/IOBluetooth.framework/Versions/A/IOBluetooth
0x00007ff810542000 	/System/Library/PrivateFrameworks/MediaExperience.framework/Versions/A/MediaExperience
0x00007ff8124e8000 	/System/Library/PrivateFrameworks/AudioSession.framework/libSessionUtility.dylib
0x00007ff812aad000 	/System/Library/PrivateFrameworks/AudioResourceArbitration.framework/Versions/A/AudioResourceArbitration
0x00007ff816bd5000 	/System/Library/PrivateFrameworks/PowerLog.framework/Versions/A/PowerLog
0x00007ff816b13000 	/System/Library/Frameworks/CoreBluetooth.framework/Versions/A/CoreBluetooth
0x00007ff819d1a000 	/System/Library/Frameworks/AudioUnit.framework/Versions/A/AudioUnit
0x00007ff80d970000 	/System/Library/PrivateFrameworks/CoreUtils.framework/Versions/A/CoreUtils
0x00007ffb0a5f2000 	/System/Library/PrivateFrameworks/CoreUtilsExtras.framework/Versions/A/CoreUtilsExtras
0x00007ffb0f5cb000 	/System/Library/PrivateFrameworks/IO80211.framework/Versions/A/IO80211
0x00007ff8104b0000 	/System/Library/PrivateFrameworks/IconFoundation.framework/Versions/A/IconFoundation
0x00007ff815bcb000 	/System/Library/PrivateFrameworks/SpeechRecognitionCore.framework/Versions/A/SpeechRecognitionCore
0x000000010c6dd000 	/Applications/jmonkeyplatform.app/Contents/Resources/jmonkeyplatform/jdk/lib/server/libjvm.dylib
0x000000010b608000 	/Applications/jmonkeyplatform.app/Contents/Resources/jmonkeyplatform/jdk/lib/libjimage.dylib
0x000000010b655000 	/Applications/jmonkeyplatform.app/Contents/Resources/jmonkeyplatform/jdk/lib/libjava.dylib
0x000000010c1f9000 	/Applications/jmonkeyplatform.app/Contents/Resources/jmonkeyplatform/jdk/lib/libnio.dylib
0x000000010c250000 	/Applications/jmonkeyplatform.app/Contents/Resources/jmonkeyplatform/jdk/lib/libnet.dylib
0x000000010c392000 	/Applications/jmonkeyplatform.app/Contents/Resources/jmonkeyplatform/jdk/lib/libzip.dylib
0x000000010c4c5000 	/Applications/jmonkeyplatform.app/Contents/Resources/jmonkeyplatform/jdk/lib/libawt.dylib
0x0000000130bb9000 	/Applications/jmonkeyplatform.app/Contents/Resources/jmonkeyplatform/jdk/lib/libmlib_image.dylib
0x00007ffa20304000 	/System/Library/Frameworks/JavaRuntimeSupport.framework/Versions/A/JavaRuntimeSupport
0x00007ff905a9c000 	/System/Library/Frameworks/Carbon.framework/Versions/A/Carbon
0x00007ff817ede000 	/System/Library/PrivateFrameworks/CoreSymbolication.framework/Versions/A/CoreSymbolication
0x00007ff81d88f000 	/System/Library/Frameworks/Carbon.framework/Versions/A/Frameworks/CommonPanels.framework/Versions/A/CommonPanels
0x00007ff819672000 	/System/Library/Frameworks/Carbon.framework/Versions/A/Frameworks/Help.framework/Versions/A/Help
0x00007ff81d893000 	/System/Library/Frameworks/Carbon.framework/Versions/A/Frameworks/ImageCapture.framework/Versions/A/ImageCapture
0x00007ff81d86b000 	/System/Library/Frameworks/Carbon.framework/Versions/A/Frameworks/OpenScripting.framework/Versions/A/OpenScripting
0x00007ff81d88b000 	/System/Library/Frameworks/Carbon.framework/Versions/A/Frameworks/Ink.framework/Versions/A/Ink
0x00007ff905a98000 	/System/Library/Frameworks/Carbon.framework/Versions/A/Frameworks/Print.framework/Versions/A/Print
0x00007ff81d887000 	/System/Library/Frameworks/Carbon.framework/Versions/A/Frameworks/SecurityHI.framework/Versions/A/SecurityHI
0x00007ff817e9f000 	/System/Library/PrivateFrameworks/DebugSymbols.framework/Versions/A/DebugSymbols
0x0000000136d0a000 	/Applications/jmonkeyplatform.app/Contents/Resources/jmonkeyplatform/jdk/lib/libawt_lwawt.dylib
0x000000010c450000 	/Applications/jmonkeyplatform.app/Contents/Resources/jmonkeyplatform/jdk/lib/libosxapp.dylib
0x00007ff904d41000 	/System/Library/Frameworks/ExceptionHandling.framework/Versions/A/ExceptionHandling
0x0000000136ff3000 	/Applications/jmonkeyplatform.app/Contents/Resources/jmonkeyplatform/jdk/lib/libfontmanager.dylib
0x0000000130db6000 	/Applications/jmonkeyplatform.app/Contents/Resources/jmonkeyplatform/jdk/lib/libfreetype.dylib
0x00007ff8171c3000 	/System/Library/Frameworks/FileProvider.framework/Versions/A/FileProvider
0x00007ff8085e5000 	/System/Library/Frameworks/Accounts.framework/Versions/A/Accounts
0x00007ff80a8a0000 	/System/Library/PrivateFrameworks/UserManagement.framework/Versions/A/UserManagement
0x00007ff81735d000 	/System/Library/PrivateFrameworks/GenerationalStorage.framework/Versions/A/GenerationalStorage
0x00007ff816bca000 	/System/Library/PrivateFrameworks/SymptomDiagnosticReporter.framework/Versions/A/SymptomDiagnosticReporter
0x00007ff8064ae000 	/System/Library/PrivateFrameworks/DesktopServicesPriv.framework/Versions/A/DesktopServicesPriv
0x00007ff80526f000 	/usr/lib/libsandbox.1.dylib
0x00007ff812a8e000 	/System/Library/PrivateFrameworks/NetAuth.framework/Versions/A/NetAuth
0x00007ff813ac2000 	/System/Library/PrivateFrameworks/Sharing.framework/Versions/A/Sharing
0x00007ff80a866000 	/System/Library/PrivateFrameworks/login.framework/Versions/A/Frameworks/loginsupport.framework/Versions/A/loginsupport
0x00007ff8191e0000 	/System/Library/PrivateFrameworks/Apple80211.framework/Versions/A/Apple80211
0x00007ff80e3ad000 	/System/Library/PrivateFrameworks/AuthKit.framework/Versions/A/AuthKit
0x00007ff80d8f5000 	/System/Library/Frameworks/CoreWLAN.framework/Versions/A/CoreWLAN
0x00007ff8191e4000 	/System/Library/PrivateFrameworks/CoreWiFi.framework/Versions/A/CoreWiFi
0x00007ffa0ae1b000 	/System/Library/PrivateFrameworks/WiFiPeerToPeer.framework/Versions/A/WiFiPeerToPeer
0x00007ff817a46000 	/System/Library/PrivateFrameworks/FrontBoardServices.framework/Versions/A/FrontBoardServices
0x00007ff817adf000 	/System/Library/PrivateFrameworks/BoardServices.framework/Versions/A/BoardServices
0x00007ff819380000 	/System/Library/PrivateFrameworks/BackBoardServices.framework/Versions/A/BackBoardServices
0x00007ff80e526000 	/System/Library/Frameworks/UserNotifications.framework/Versions/A/UserNotifications
0x00007ff812f44000 	/System/Library/PrivateFrameworks/CorePhoneNumbers.framework/Versions/A/CorePhoneNumbers
0x00007ff81278b000 	/System/Library/PrivateFrameworks/MultiverseSupport.framework/Versions/A/MultiverseSupport
0x00007ff8195fb000 	/System/Library/PrivateFrameworks/RemoteServiceDiscovery.framework/Versions/A/RemoteServiceDiscovery
0x00007ff816ce4000 	/System/Library/PrivateFrameworks/DiskManagement.framework/Versions/A/DiskManagement
0x00007ff816bfc000 	/System/Library/PrivateFrameworks/AppleIDAuthSupport.framework/Versions/A/AppleIDAuthSupport
0x00007ffb04c3e000 	/System/Library/PrivateFrameworks/AAAFoundation.framework/Versions/A/AAAFoundation
0x00007ff812f1d000 	/System/Library/PrivateFrameworks/KeychainCircle.framework/Versions/A/KeychainCircle
0x00007ff81960f000 	/System/Library/PrivateFrameworks/RemoteXPC.framework/Versions/A/RemoteXPC
0x00007ff816cb0000 	/System/Library/PrivateFrameworks/MediaKit.framework/Versions/A/MediaKit
0x00007ff816c08000 	/System/Library/Frameworks/DiscRecording.framework/Versions/A/DiscRecording
0x00007ff8103b0000 	/usr/lib/libCoreStorage.dylib
0x00007ff81967a000 	/usr/lib/libcsfde.dylib
0x00007ff813d18000 	/System/Library/PrivateFrameworks/ProtectedCloudStorage.framework/Versions/A/ProtectedCloudStorage
0x00007ff819676000 	/System/Library/PrivateFrameworks/EFILogin.framework/Versions/A/EFILogin
0x00007ff817383000 	/System/Library/PrivateFrameworks/OctagonTrust.framework/Versions/A/OctagonTrust
0x00007ff8103a8000 	/usr/lib/libMatch.1.dylib
0x00007ff90eac2000 	/System/Library/CoreServices/RawCamera.bundle/Contents/MacOS/RawCamera
0x00007ff812e5b000 	/System/Library/PrivateFrameworks/MobileAsset.framework/Versions/A/MobileAsset
0x00007ff90c38b000 	/System/Library/PrivateFrameworks/SoftwareUpdateCoreSupport.framework/Versions/A/SoftwareUpdateCoreSupport
0x00007ff9127f5000 	/System/Library/PrivateFrameworks/SoftwareUpdateCoreConnect.framework/Versions/A/SoftwareUpdateCoreConnect
0x00007ff819d3e000 	/System/Library/PrivateFrameworks/StreamingZip.framework/Versions/A/StreamingZip
0x00007ff90c04d000 	/System/Library/PrivateFrameworks/MSUDataAccessor.framework/Versions/A/MSUDataAccessor
0x00007ff9084e7000 	/usr/lib/libbootpolicy.dylib
0x00007ff919218000 	/usr/lib/libpartition2_dynamic.dylib
0x00007ffb07178000 	/System/Library/PrivateFrameworks/CMPhoto.framework/Versions/A/CMPhoto
0x00007ff817d72000 	/System/Library/PrivateFrameworks/AppleVPA.framework/Versions/A/AppleVPA
0x00007ff811771000 	/System/Library/Frameworks/MediaToolbox.framework/Versions/A/MediaToolbox
0x00007ff817193000 	/System/Library/PrivateFrameworks/CoreAVCHD.framework/Versions/A/CoreAVCHD
0x00007ff8162d1000 	/System/Library/Frameworks/MediaAccessibility.framework/Versions/A/MediaAccessibility
0x00007ff81718f000 	/System/Library/PrivateFrameworks/Mangrove.framework/Versions/A/Mangrove
0x00007ff816dd4000 	/System/Library/PrivateFrameworks/CoreAUC.framework/Versions/A/CoreAUC
0x00007ff90ba3d000 	/System/Library/Frameworks/Accelerate.framework/Versions/A/Frameworks/vImage.framework/Versions/A/Libraries/libCGInterfaces.dylib
0x0000000130fce000 	/usr/lib/libobjc-trampolines.dylib
0x00007ffc06432000 	/usr/lib/libAccessibilityBaseImplementations.dylib
0x00007ff80a57e000 	/System/Library/PrivateFrameworks/ViewBridge.framework/Versions/A/ViewBridge
0x00007ff810b17000 	/System/Library/PrivateFrameworks/login.framework/Versions/A/login
0x00007ffa1af7f000 	/System/Library/Frameworks/OpenGL.framework/Versions/A/Resources/GLEngine.bundle/GLEngine
0x00007ffa1adf0000 	/System/Library/Frameworks/OpenGL.framework/Versions/A/Libraries/libGLProgrammability.dylib
0x0000000141c1e000 	/System/Library/Extensions/AppleMetalOpenGLRenderer.bundle/Contents/MacOS/AppleMetalOpenGLRenderer
0x00007ffa1b101000 	/System/Library/Frameworks/OpenGL.framework/Versions/A/Resources/GLRendererFloat.bundle/GLRendererFloat
0x00007ffa1c083000 	/System/Library/Extensions/AGXMetal13_3.bundle/Contents/MacOS/AGXMetal13_3
0x00007ff906c33000 	/System/Library/PrivateFrameworks/GPURawCounter.framework/Versions/A/GPURawCounter
0x00007ff8204db000 	/System/Library/PrivateFrameworks/IOGPU.framework/Versions/A/IOGPU
0x0000000141f13000 	/Applications/jmonkeyplatform.app/Contents/Resources/jmonkeyplatform/jdk/lib/libosxui.dylib
0x0000000141fe5000 	/Applications/jmonkeyplatform.app/Contents/Resources/jmonkeyplatform/jdk/lib/libprefs.dylib
0x00000001aecb5000 	/Users/barry/jhusquirrel/libopenal.dylib
0x00000001aed58000 	/Users/barry/jhusquirrel/liblwjgl.dylib
0x00000001aec1f000 	/Applications/jmonkeyplatform.app/Contents/Resources/jmonkeyplatform/jdk/lib/libjawt.dylib


VM Arguments:
jvm_args: -Dfile.encoding=UTF-8 --module-path=/Users/barry/jhusquirrel/build/classes 
java_command: mygame.Main
java_class_path (initial): /Applications/jmonkeyplatform.app/Contents/Resources/jmonkeyplatform/jmonkeyplatform/libs/jme3-jogg-3.6.1-stable.jar:/Applications/jmonkeyplatform.app/Contents/Resources/jmonkeyplatform/jmonkeyplatform/libs/j-ogg-vorbis-1.0.3.jar:/Applications/jmonkeyplatform.app/Contents/Resources/jmonkeyplatform/jmonkeyplatform/libs/jme3-networking-3.6.1-stable.jar:/Applications/jmonkeyplatform.app/Contents/Resources/jmonkeyplatform/jmonkeyplatform/libs/jme3-plugins-3.6.1-stable.jar:/Applications/jmonkeyplatform.app/Contents/Resources/jmonkeyplatform/jmonkeyplatform/libs/gson-2.9.1.jar:/Applications/jmonkeyplatform.app/Contents/Resources/jmonkeyplatform/jmonkeyplatform/libs/jme3-core-3.6.1-stable.jar:/Applications/jmonkeyplatform.app/Contents/Resources/jmonkeyplatform/jmonkeyplatform/libs/jme3-desktop-3.6.1-stable.jar:/Applications/jmonkeyplatform.app/Contents/Resources/jmonkeyplatform/jmonkeyplatform/libs/jme3-lwjgl-3.6.1-stable.jar:/Applications/jmonkeyplatform.app/Contents/Resources/jmonkeyplatform/jmonkeyplatform/libs/lwjgl-platform-2.9.5-natives-windows.jar:/Applications/jmonkeyplatform.app/Contents/Resources/jmonkeyplatform/jmonkeyplatform/libs/lwjgl-platform-2.9.5-natives-linux.jar:/Applications/jmonkeyplatform.app/Contents/Resources/jmonkeyplatform/jmonkeyplatform/libs/lwjgl-platform-2.9.5-natives-osx.jar:/Applications/jmonkeyplatform.app/Contents/Resources/jmonkeyplatform/jmonkeyplatform/libs/jinput-2.0.9.jar:/Applications/jmonkeyplatform.app/Contents/Resources/jmonkeyplatform/jmonkeyplatform/libs/jinput-2.0.9-natives-all.jar:/Applications/jmonkeyplatform.app/Contents/Resources/jmonkeyplatform/jmonkeyplatform/libs/lwjgl-2.9.5.jar:/Applications/jmonkeyplatform.app/Contents/Resources/jmonkeyplatform/jmonkeyplatform/libs/jme3-effects-3.6.1-stable.jar:/Applications/jmonkeyplatform.app/Contents/Resources/jmonkeyplatform/jmonkeyplatform/libs/jme3-terrain-3.6.1-stable.jar:/Applications/jmonkeyplatform.app/Contents/Resources/jmonkeyplatform/jmonkeypla
Launcher Type: SUN_STANDARD

[Global flags]
     intx CICompilerCount                          = 4                                         {product} {ergonomic}
     uint ConcGCThreads                            = 2                                         {product} {ergonomic}
     uint G1ConcRefinementThreads                  = 8                                         {product} {ergonomic}
   size_t G1HeapRegionSize                         = 2097152                                   {product} {ergonomic}
    uintx GCDrainStackTargetSize                   = 64                                        {product} {ergonomic}
   size_t InitialHeapSize                          = 268435456                                 {product} {ergonomic}
   size_t MarkStackSize                            = 4194304                                   {product} {ergonomic}
   size_t MaxHeapSize                              = 4294967296                                {product} {ergonomic}
   size_t MaxNewSize                               = 2575302656                                {product} {ergonomic}
   size_t MinHeapDeltaBytes                        = 2097152                                   {product} {ergonomic}
   size_t MinHeapSize                              = 8388608                                   {product} {ergonomic}
    uintx NonNMethodCodeHeapSize                   = 5839372                                {pd product} {ergonomic}
    uintx NonProfiledCodeHeapSize                  = 122909434                              {pd product} {ergonomic}
    uintx ProfiledCodeHeapSize                     = 122909434                              {pd product} {ergonomic}
    uintx ReservedCodeCacheSize                    = 251658240                              {pd product} {ergonomic}
     bool SegmentedCodeCache                       = true                                      {product} {ergonomic}
   size_t SoftMaxHeapSize                          = 4294967296                             {manageable} {ergonomic}
     bool UseCompressedClassPointers               = true                           {product lp64_product} {ergonomic}
     bool UseCompressedOops                        = true                           {product lp64_product} {ergonomic}
     bool UseG1GC                                  = true                                      {product} {ergonomic}
     bool UseNUMA                                  = false                                     {product} {ergonomic}
     bool UseNUMAInterleaving                      = false                                     {product} {ergonomic}

Logging:
Log output configuration:
 #0: stdout all=warning uptime,level,tags
 #1: stderr all=off uptime,level,tags

Environment Variables:
PATH=/usr/bin:/bin:/usr/sbin:/sbin
SHELL=/bin/zsh
LC_CTYPE=UTF-8
TMPDIR=/var/folders/w2/d2bz2mvn7671xz71cv7lxvd00000gn/T/

Active Locale:
LC_ALL=C/UTF-8/C/C/C/C
LC_COLLATE=C
LC_CTYPE=UTF-8
LC_MESSAGES=C
LC_MONETARY=C
LC_NUMERIC=C
LC_TIME=C

Signal Handlers:
   SIGSEGV: crash_handler in libjvm.dylib, mask=11100110100111111111111111111111, flags=SA_RESTART|SA_SIGINFO, unblocked
    SIGBUS: crash_handler in libjvm.dylib, mask=11100110100111111111111111111111, flags=SA_RESTART|SA_SIGINFO, unblocked
    SIGFPE: crash_handler in libjvm.dylib, mask=11100110100111111111111111111111, flags=SA_RESTART|SA_SIGINFO, unblocked
   SIGPIPE: javaSignalHandler in libjvm.dylib, mask=11100110100111111111111111111111, flags=SA_RESTART|SA_SIGINFO, blocked
   SIGXFSZ: javaSignalHandler in libjvm.dylib, mask=11100110100111111111111111111111, flags=SA_RESTART|SA_SIGINFO, blocked
    SIGILL: crash_handler in libjvm.dylib, mask=11100110100111111111111111111111, flags=SA_RESTART|SA_SIGINFO, unblocked
   SIGUSR2: SR_handler in libjvm.dylib, mask=00100000000000000000000000000000, flags=SA_RESTART|SA_SIGINFO, blocked
    SIGHUP: UserHandler in libjvm.dylib, mask=11100110100111111111111111111111, flags=SA_RESTART|SA_SIGINFO, blocked
    SIGINT: SIG_IGN, mask=11111111011111110111111111111111, flags=none, blocked
   SIGTERM: UserHandler in libjvm.dylib, mask=11100110100111111111111111111111, flags=SA_RESTART|SA_SIGINFO, blocked
   SIGQUIT: UserHandler in libjvm.dylib, mask=11100110100111111111111111111111, flags=SA_RESTART|SA_SIGINFO, blocked
   SIGTRAP: crash_handler in libjvm.dylib, mask=11100110100111111111111111111111, flags=SA_RESTART|SA_SIGINFO, unblocked


Periodic native trim disabled


---------------  S Y S T E M  ---------------

OS:
uname: Darwin 22.6.0 Darwin Kernel Version 22.6.0: Mon Apr 22 20:50:39 PDT 2024; root:xnu-8796.141.3.705.2~1/RELEASE_ARM64_T8103 x86_64
OS uptime: 19 days 19:41 hours
rlimit (soft/hard): STACK 8176k/65520k , CORE 0k/infinity , NPROC 2666/4000 , NOFILE 10240/infinity , AS infinity/infinity , CPU infinity/infinity , DATA infinity/infinity , FSIZE infinity/infinity , MEMLOCK infinity/infinity , RSS infinity/infinity
load average: 13.15 7.21 4.40

CPU: (EMULATED) total 8 (initial active 8) (1 cores per cpu, 1 threads per core) family 6 model 44 stepping 0 microcode 0x0, cx8, cmov, fxsr, mmx, sse, sse2, sse3, ssse3, sse4.1, sse4.2, popcnt, tsc, tscinvbit, aes, clmul, clflush
machdep.cpu.brand_string:Apple M1
hw.cpufrequency:2400000000
hw.cpufrequency_min:2400000000
hw.cpufrequency_max:2400000000
hw.cachelinesize:64
hw.l1icachesize:131072
hw.l1dcachesize:65536
hw.l2cachesize:4194304

Memory: 4k page, physical 16777216k(20348k free), swap 8388608k(1350272k free)

vm_info: OpenJDK 64-Bit Server VM (17.0.9+9) for bsd-amd64 JRE (17.0.9+9), built on Oct 18 2023 08:05:15 by "admin" with clang Apple LLVM 12.0.0 (clang-1200.0.32.29)

END.
